Started GET "/api/v1/consultarusomotivos" for 127.0.0.1 at 2018-11-05 18:32:45 -0500
  
ActionController::RoutingError (No route matches [GET] "/api/v1/consultarusomotivos"):
  
actionpack (5.2.1) lib/action_dispatch/middleware/debug_exceptions.rb:65:in `call'
web-console (3.7.0) lib/web_console/middleware.rb:135:in `call_app'
web-console (3.7.0) lib/web_console/middleware.rb:30:in `block in call'
web-console (3.7.0) lib/web_console/middleware.rb:20:in `catch'
web-console (3.7.0) lib/web_console/middleware.rb:20:in `call'
actionpack (5.2.1) lib/action_dispatch/middleware/show_exceptions.rb:33:in `call'
railties (5.2.1) lib/rails/rack/logger.rb:38:in `call_app'
railties (5.2.1) lib/rails/rack/logger.rb:26:in `block in call'
activesupport (5.2.1) lib/active_support/tagged_logging.rb:71:in `block in tagged'
activesupport (5.2.1) lib/active_support/tagged_logging.rb:28:in `tagged'
activesupport (5.2.1) lib/active_support/tagged_logging.rb:71:in `tagged'
railties (5.2.1) lib/rails/rack/logger.rb:26:in `call'
sprockets-rails (3.2.1) lib/sprockets/rails/quiet_assets.rb:13:in `call'
actionpack (5.2.1) lib/action_dispatch/middleware/remote_ip.rb:81:in `call'
actionpack (5.2.1) lib/action_dispatch/middleware/request_id.rb:27:in `call'
rack (2.0.5) lib/rack/method_override.rb:22:in `call'
rack (2.0.5) lib/rack/runtime.rb:22:in `call'
activesupport (5.2.1) lib/active_support/cache/strategy/local_cache_middleware.rb:29:in `call'
actionpack (5.2.1) lib/action_dispatch/middleware/executor.rb:14:in `call'
actionpack (5.2.1) lib/action_dispatch/middleware/static.rb:127:in `call'
rack (2.0.5) lib/rack/sendfile.rb:111:in `call'
railties (5.2.1) lib/rails/engine.rb:524:in `call'
puma (3.12.0) lib/puma/configuration.rb:225:in `call'
puma (3.12.0) lib/puma/server.rb:658:in `handle_request'
puma (3.12.0) lib/puma/server.rb:472:in `process_client'
puma (3.12.0) lib/puma/server.rb:332:in `block in run'
puma (3.12.0) lib/puma/thread_pool.rb:133:in `block in spawn_thread'
Started GET "/api/v1/consultarusomotivos" for 127.0.0.1 at 2018-11-05 18:32:49 -0500
  
ActionController::RoutingError (No route matches [GET] "/api/v1/consultarusomotivos"):
  
actionpack (5.2.1) lib/action_dispatch/middleware/debug_exceptions.rb:65:in `call'
web-console (3.7.0) lib/web_console/middleware.rb:135:in `call_app'
web-console (3.7.0) lib/web_console/middleware.rb:30:in `block in call'
web-console (3.7.0) lib/web_console/middleware.rb:20:in `catch'
web-console (3.7.0) lib/web_console/middleware.rb:20:in `call'
actionpack (5.2.1) lib/action_dispatch/middleware/show_exceptions.rb:33:in `call'
railties (5.2.1) lib/rails/rack/logger.rb:38:in `call_app'
railties (5.2.1) lib/rails/rack/logger.rb:26:in `block in call'
activesupport (5.2.1) lib/active_support/tagged_logging.rb:71:in `block in tagged'
activesupport (5.2.1) lib/active_support/tagged_logging.rb:28:in `tagged'
activesupport (5.2.1) lib/active_support/tagged_logging.rb:71:in `tagged'
railties (5.2.1) lib/rails/rack/logger.rb:26:in `call'
sprockets-rails (3.2.1) lib/sprockets/rails/quiet_assets.rb:13:in `call'
actionpack (5.2.1) lib/action_dispatch/middleware/remote_ip.rb:81:in `call'
actionpack (5.2.1) lib/action_dispatch/middleware/request_id.rb:27:in `call'
rack (2.0.5) lib/rack/method_override.rb:22:in `call'
rack (2.0.5) lib/rack/runtime.rb:22:in `call'
activesupport (5.2.1) lib/active_support/cache/strategy/local_cache_middleware.rb:29:in `call'
actionpack (5.2.1) lib/action_dispatch/middleware/executor.rb:14:in `call'
actionpack (5.2.1) lib/action_dispatch/middleware/static.rb:127:in `call'
rack (2.0.5) lib/rack/sendfile.rb:111:in `call'
railties (5.2.1) lib/rails/engine.rb:524:in `call'
puma (3.12.0) lib/puma/configuration.rb:225:in `call'
puma (3.12.0) lib/puma/server.rb:658:in `handle_request'
puma (3.12.0) lib/puma/server.rb:472:in `process_client'
puma (3.12.0) lib/puma/server.rb:332:in `block in run'
puma (3.12.0) lib/puma/thread_pool.rb:133:in `block in spawn_thread'
Started GET "/" for 127.0.0.1 at 2018-11-05 18:32:58 -0500
Processing by PagesController#index as HTML
  Rendering pages/index.html.erb within layouts/application
  Rendered pages/index.html.erb within layouts/application (0.3ms)
Completed 200 OK in 439ms (Views: 438.3ms | ActiveRecord: 0.0ms)


Started GET "/api/v1/consultarestudiantes" for 127.0.0.1 at 2018-11-05 18:33:06 -0500
  
ActionController::RoutingError (No route matches [GET] "/api/v1/consultarestudiantes"):
  
actionpack (5.2.1) lib/action_dispatch/middleware/debug_exceptions.rb:65:in `call'
web-console (3.7.0) lib/web_console/middleware.rb:135:in `call_app'
web-console (3.7.0) lib/web_console/middleware.rb:30:in `block in call'
web-console (3.7.0) lib/web_console/middleware.rb:20:in `catch'
web-console (3.7.0) lib/web_console/middleware.rb:20:in `call'
actionpack (5.2.1) lib/action_dispatch/middleware/show_exceptions.rb:33:in `call'
railties (5.2.1) lib/rails/rack/logger.rb:38:in `call_app'
railties (5.2.1) lib/rails/rack/logger.rb:26:in `block in call'
activesupport (5.2.1) lib/active_support/tagged_logging.rb:71:in `block in tagged'
activesupport (5.2.1) lib/active_support/tagged_logging.rb:28:in `tagged'
activesupport (5.2.1) lib/active_support/tagged_logging.rb:71:in `tagged'
railties (5.2.1) lib/rails/rack/logger.rb:26:in `call'
sprockets-rails (3.2.1) lib/sprockets/rails/quiet_assets.rb:13:in `call'
actionpack (5.2.1) lib/action_dispatch/middleware/remote_ip.rb:81:in `call'
actionpack (5.2.1) lib/action_dispatch/middleware/request_id.rb:27:in `call'
rack (2.0.5) lib/rack/method_override.rb:22:in `call'
rack (2.0.5) lib/rack/runtime.rb:22:in `call'
activesupport (5.2.1) lib/active_support/cache/strategy/local_cache_middleware.rb:29:in `call'
actionpack (5.2.1) lib/action_dispatch/middleware/executor.rb:14:in `call'
actionpack (5.2.1) lib/action_dispatch/middleware/static.rb:127:in `call'
rack (2.0.5) lib/rack/sendfile.rb:111:in `call'
railties (5.2.1) lib/rails/engine.rb:524:in `call'
puma (3.12.0) lib/puma/configuration.rb:225:in `call'
puma (3.12.0) lib/puma/server.rb:658:in `handle_request'
puma (3.12.0) lib/puma/server.rb:472:in `process_client'
puma (3.12.0) lib/puma/server.rb:332:in `block in run'
puma (3.12.0) lib/puma/thread_pool.rb:133:in `block in spawn_thread'
Started GET "/api/v1/consultarestudiantes" for 127.0.0.1 at 2018-11-05 18:34:55 -0500
  
ActiveRecord::PendingMigrationError (

Migrations are pending. To resolve this issue, run:

        bin/rails db:migrate RAILS_ENV=development

):
  
activerecord (5.2.1) lib/active_record/migration.rb:579:in `check_pending!'
activerecord (5.2.1) lib/active_record/migration.rb:556:in `call'
actionpack (5.2.1) lib/action_dispatch/middleware/callbacks.rb:28:in `block in call'
activesupport (5.2.1) lib/active_support/callbacks.rb:98:in `run_callbacks'
actionpack (5.2.1) lib/action_dispatch/middleware/callbacks.rb:26:in `call'
actionpack (5.2.1) lib/action_dispatch/middleware/executor.rb:14:in `call'
actionpack (5.2.1) lib/action_dispatch/middleware/debug_exceptions.rb:61:in `call'
web-console (3.7.0) lib/web_console/middleware.rb:135:in `call_app'
web-console (3.7.0) lib/web_console/middleware.rb:30:in `block in call'
web-console (3.7.0) lib/web_console/middleware.rb:20:in `catch'
web-console (3.7.0) lib/web_console/middleware.rb:20:in `call'
actionpack (5.2.1) lib/action_dispatch/middleware/show_exceptions.rb:33:in `call'
railties (5.2.1) lib/rails/rack/logger.rb:38:in `call_app'
railties (5.2.1) lib/rails/rack/logger.rb:26:in `block in call'
activesupport (5.2.1) lib/active_support/tagged_logging.rb:71:in `block in tagged'
activesupport (5.2.1) lib/active_support/tagged_logging.rb:28:in `tagged'
activesupport (5.2.1) lib/active_support/tagged_logging.rb:71:in `tagged'
railties (5.2.1) lib/rails/rack/logger.rb:26:in `call'
sprockets-rails (3.2.1) lib/sprockets/rails/quiet_assets.rb:13:in `call'
actionpack (5.2.1) lib/action_dispatch/middleware/remote_ip.rb:81:in `call'
actionpack (5.2.1) lib/action_dispatch/middleware/request_id.rb:27:in `call'
rack (2.0.5) lib/rack/method_override.rb:22:in `call'
rack (2.0.5) lib/rack/runtime.rb:22:in `call'
activesupport (5.2.1) lib/active_support/cache/strategy/local_cache_middleware.rb:29:in `call'
actionpack (5.2.1) lib/action_dispatch/middleware/executor.rb:14:in `call'
actionpack (5.2.1) lib/action_dispatch/middleware/static.rb:127:in `call'
rack (2.0.5) lib/rack/sendfile.rb:111:in `call'
rack-cors (1.0.2) lib/rack/cors.rb:97:in `call'
railties (5.2.1) lib/rails/engine.rb:524:in `call'
puma (3.12.0) lib/puma/configuration.rb:225:in `call'
puma (3.12.0) lib/puma/server.rb:658:in `handle_request'
puma (3.12.0) lib/puma/server.rb:472:in `process_client'
puma (3.12.0) lib/puma/server.rb:332:in `block in run'
puma (3.12.0) lib/puma/thread_pool.rb:133:in `block in spawn_thread'
  [1m[35m (0.1ms)[0m  [1m[34mSELECT sqlite_version(*)[0m
  ↳ /home/jsaenzar/.rbenv/versions/2.5.0/bin/rake:23
  [1m[35m (127.8ms)[0m  [1m[35mCREATE TABLE "schema_migrations" ("version" varchar NOT NULL PRIMARY KEY)[0m
  ↳ /home/jsaenzar/.rbenv/versions/2.5.0/bin/rake:23
  [1m[35m (33.4ms)[0m  [1m[35mCREATE TABLE "ar_internal_metadata" ("key" varchar NOT NULL PRIMARY KEY, "value" varchar, "created_at" datetime NOT NULL, "updated_at" datetime NOT NULL)[0m
  ↳ /home/jsaenzar/.rbenv/versions/2.5.0/bin/rake:23
  [1m[35m (0.5ms)[0m  [1m[34mSELECT "schema_migrations"."version" FROM "schema_migrations" ORDER BY "schema_migrations"."version" ASC[0m
  ↳ /home/jsaenzar/.rbenv/versions/2.5.0/bin/rake:23
Migrating to DeviseCreateUsers (20180922140440)
  [1m[35m (0.1ms)[0m  [1m[36mbegin transaction[0m
  ↳ /home/jsaenzar/.rbenv/versions/2.5.0/bin/rake:23
  [1m[35m (2.4ms)[0m  [1m[35mCREATE TABLE "users" ("id" integer PRIMARY KEY AUTOINCREMENT NOT NULL, "email" varchar DEFAULT '' NOT NULL, "encrypted_password" varchar DEFAULT '' NOT NULL, "reset_password_token" varchar, "reset_password_sent_at" datetime, "remember_created_at" datetime, "created_at" datetime NOT NULL, "updated_at" datetime NOT NULL)[0m
  ↳ db/migrate/20180922140440_devise_create_users.rb:5
  [1m[35m (0.5ms)[0m  [1m[35mCREATE UNIQUE INDEX "index_users_on_email" ON "users" ("email")[0m
  ↳ db/migrate/20180922140440_devise_create_users.rb:39
  [1m[35m (8.7ms)[0m  [1m[35mCREATE UNIQUE INDEX "index_users_on_reset_password_token" ON "users" ("reset_password_token")[0m
  ↳ db/migrate/20180922140440_devise_create_users.rb:40
  [1m[36mActiveRecord::SchemaMigration Create (0.5ms)[0m  [1m[32mINSERT INTO "schema_migrations" ("version") VALUES (?)[0m  [["version", "20180922140440"]]
  ↳ /home/jsaenzar/.rbenv/versions/2.5.0/bin/rake:23
  [1m[35m (17.3ms)[0m  [1m[36mcommit transaction[0m
  ↳ /home/jsaenzar/.rbenv/versions/2.5.0/bin/rake:23
Migrating to CreateMotivos (20181103171700)
  [1m[35m (0.1ms)[0m  [1m[36mbegin transaction[0m
  ↳ /home/jsaenzar/.rbenv/versions/2.5.0/bin/rake:23
  [1m[35m (3.6ms)[0m  [1m[35mCREATE TABLE "motivos" ("id" integer PRIMARY KEY AUTOINCREMENT NOT NULL, "idMotivo" integer NOT NULL, "nombreMotivo" varchar NOT NULL, "created_at" datetime NOT NULL, "updated_at" datetime NOT NULL)[0m
  ↳ db/migrate/20181103171700_create_motivos.rb:3
  [1m[36mActiveRecord::SchemaMigration Create (0.2ms)[0m  [1m[32mINSERT INTO "schema_migrations" ("version") VALUES (?)[0m  [["version", "20181103171700"]]
  ↳ /home/jsaenzar/.rbenv/versions/2.5.0/bin/rake:23
  [1m[35m (13.5ms)[0m  [1m[36mcommit transaction[0m
  ↳ /home/jsaenzar/.rbenv/versions/2.5.0/bin/rake:23
Migrating to CreateEstudiantes (20181104015114)
  [1m[35m (0.1ms)[0m  [1m[36mbegin transaction[0m
  ↳ /home/jsaenzar/.rbenv/versions/2.5.0/bin/rake:23
  [1m[35m (0.5ms)[0m  [1m[35mCREATE TABLE "estudiantes" ("id" integer PRIMARY KEY AUTOINCREMENT NOT NULL, "motivo_id" integer, "tipoId" varchar, "numId" varchar, "nombre" varchar, "apellido" varchar, "edad" varchar, "genero" varchar, "created_at" datetime NOT NULL, "updated_at" datetime NOT NULL, CONSTRAINT "fk_rails_c439fbc3e1"
FOREIGN KEY ("motivo_id")
  REFERENCES "motivos" ("id")
)[0m
  ↳ db/migrate/20181104015114_create_estudiantes.rb:3
  [1m[35m (0.1ms)[0m  [1m[35mCREATE  INDEX "index_estudiantes_on_motivo_id" ON "estudiantes" ("motivo_id")[0m
  ↳ db/migrate/20181104015114_create_estudiantes.rb:3
  [1m[36mActiveRecord::SchemaMigration Create (0.1ms)[0m  [1m[32mINSERT INTO "schema_migrations" ("version") VALUES (?)[0m  [["version", "20181104015114"]]
  ↳ /home/jsaenzar/.rbenv/versions/2.5.0/bin/rake:23
  [1m[35m (7.5ms)[0m  [1m[36mcommit transaction[0m
  ↳ /home/jsaenzar/.rbenv/versions/2.5.0/bin/rake:23
Migrating to CreateMateria (20181104042525)
  [1m[35m (0.1ms)[0m  [1m[36mbegin transaction[0m
  ↳ /home/jsaenzar/.rbenv/versions/2.5.0/bin/rake:23
  [1m[35m (0.5ms)[0m  [1m[35mCREATE TABLE "materia" ("id" integer PRIMARY KEY AUTOINCREMENT NOT NULL, "idMateria" varchar, "nombreMateria" varchar, "created_at" datetime NOT NULL, "updated_at" datetime NOT NULL)[0m
  ↳ db/migrate/20181104042525_create_materia.rb:3
  [1m[36mActiveRecord::SchemaMigration Create (0.1ms)[0m  [1m[32mINSERT INTO "schema_migrations" ("version") VALUES (?)[0m  [["version", "20181104042525"]]
  ↳ /home/jsaenzar/.rbenv/versions/2.5.0/bin/rake:23
  [1m[35m (9.5ms)[0m  [1m[36mcommit transaction[0m
  ↳ /home/jsaenzar/.rbenv/versions/2.5.0/bin/rake:23
Migrating to CreateMateriasEstudiantes (20181105043713)
  [1m[35m (0.1ms)[0m  [1m[36mbegin transaction[0m
  ↳ /home/jsaenzar/.rbenv/versions/2.5.0/bin/rake:23
  [1m[35m (0.5ms)[0m  [1m[35mCREATE TABLE "materias_estudiantes" ("id" integer PRIMARY KEY AUTOINCREMENT NOT NULL, "materia_id" integer, "estudiantes_id" integer, "created_at" datetime NOT NULL, "updated_at" datetime NOT NULL, CONSTRAINT "fk_rails_6ac789dff5"
FOREIGN KEY ("materia_id")
  REFERENCES "materia" ("id")
, CONSTRAINT "fk_rails_4ea33d4601"
FOREIGN KEY ("estudiantes_id")
  REFERENCES "estudiantes" ("id")
)[0m
  ↳ db/migrate/20181105043713_create_materias_estudiantes.rb:3
  [1m[35m (0.1ms)[0m  [1m[35mCREATE  INDEX "index_materias_estudiantes_on_materia_id" ON "materias_estudiantes" ("materia_id")[0m
  ↳ db/migrate/20181105043713_create_materias_estudiantes.rb:3
  [1m[35m (0.1ms)[0m  [1m[35mCREATE  INDEX "index_materias_estudiantes_on_estudiantes_id" ON "materias_estudiantes" ("estudiantes_id")[0m
  ↳ db/migrate/20181105043713_create_materias_estudiantes.rb:3
  [1m[36mActiveRecord::SchemaMigration Create (0.1ms)[0m  [1m[32mINSERT INTO "schema_migrations" ("version") VALUES (?)[0m  [["version", "20181105043713"]]
  ↳ /home/jsaenzar/.rbenv/versions/2.5.0/bin/rake:23
  [1m[35m (5.3ms)[0m  [1m[36mcommit transaction[0m
  ↳ /home/jsaenzar/.rbenv/versions/2.5.0/bin/rake:23
Migrating to CreateEncuesta (20181105181250)
  [1m[35m (0.0ms)[0m  [1m[36mbegin transaction[0m
  ↳ /home/jsaenzar/.rbenv/versions/2.5.0/bin/rake:23
  [1m[35m (0.5ms)[0m  [1m[35mCREATE TABLE "encuesta" ("id" integer PRIMARY KEY AUTOINCREMENT NOT NULL, "motivo_id" integer, "estudiante_id" integer, "materias" varchar, "curso" varchar, "created_at" datetime NOT NULL, "updated_at" datetime NOT NULL, CONSTRAINT "fk_rails_8d0b57697e"
FOREIGN KEY ("motivo_id")
  REFERENCES "motivos" ("id")
, CONSTRAINT "fk_rails_455dea3542"
FOREIGN KEY ("estudiante_id")
  REFERENCES "estudiantes" ("id")
)[0m
  ↳ db/migrate/20181105181250_create_encuesta.rb:3
  [1m[35m (0.2ms)[0m  [1m[35mCREATE  INDEX "index_encuesta_on_motivo_id" ON "encuesta" ("motivo_id")[0m
  ↳ db/migrate/20181105181250_create_encuesta.rb:3
  [1m[35m (0.1ms)[0m  [1m[35mCREATE  INDEX "index_encuesta_on_estudiante_id" ON "encuesta" ("estudiante_id")[0m
  ↳ db/migrate/20181105181250_create_encuesta.rb:3
  [1m[36mActiveRecord::SchemaMigration Create (0.2ms)[0m  [1m[32mINSERT INTO "schema_migrations" ("version") VALUES (?)[0m  [["version", "20181105181250"]]
  ↳ /home/jsaenzar/.rbenv/versions/2.5.0/bin/rake:23
  [1m[35m (9.8ms)[0m  [1m[36mcommit transaction[0m
  ↳ /home/jsaenzar/.rbenv/versions/2.5.0/bin/rake:23
  [1m[36mActiveRecord::InternalMetadata Load (0.2ms)[0m  [1m[34mSELECT  "ar_internal_metadata".* FROM "ar_internal_metadata" WHERE "ar_internal_metadata"."key" = ? LIMIT ?[0m  [["key", "environment"], ["LIMIT", 1]]
  ↳ /home/jsaenzar/.rbenv/versions/2.5.0/bin/rake:23
  [1m[35m (0.1ms)[0m  [1m[36mbegin transaction[0m
  ↳ /home/jsaenzar/.rbenv/versions/2.5.0/bin/rake:23
  [1m[36mActiveRecord::InternalMetadata Create (4.8ms)[0m  [1m[32mINSERT INTO "ar_internal_metadata" ("key", "value", "created_at", "updated_at") VALUES (?, ?, ?, ?)[0m  [["key", "environment"], ["value", "development"], ["created_at", "2018-11-05 23:35:20.007033"], ["updated_at", "2018-11-05 23:35:20.007033"]]
  ↳ /home/jsaenzar/.rbenv/versions/2.5.0/bin/rake:23
  [1m[35m (12.3ms)[0m  [1m[36mcommit transaction[0m
  ↳ /home/jsaenzar/.rbenv/versions/2.5.0/bin/rake:23
  [1m[35m (0.2ms)[0m  [1m[34mSELECT "schema_migrations"."version" FROM "schema_migrations" ORDER BY "schema_migrations"."version" ASC[0m
  ↳ /home/jsaenzar/.rbenv/versions/2.5.0/bin/rake:23
Started GET "/api/v1/consultarestudiantes" for 127.0.0.1 at 2018-11-05 18:35:24 -0500
  [1m[35m (0.2ms)[0m  [1m[34mSELECT "schema_migrations"."version" FROM "schema_migrations" ORDER BY "schema_migrations"."version" ASC[0m
  ↳ /home/jsaenzar/.rbenv/versions/2.5.0/lib/ruby/gems/2.5.0/gems/activerecord-5.2.1/lib/active_record/log_subscriber.rb:98
Processing by Api::V1::ConsultarestudianteController#index as HTML
  [1m[36mEstudiante Load (0.3ms)[0m  [1m[34mSELECT "estudiantes".* FROM "estudiantes"[0m
  ↳ app/controllers/api/v1/consultarestudiante_controller.rb:5
Completed 200 OK in 44ms (Views: 4.6ms | ActiveRecord: 0.6ms)


  [1m[35m (0.1ms)[0m  [1m[34mSELECT "schema_migrations"."version" FROM "schema_migrations" ORDER BY "schema_migrations"."version" ASC[0m
  ↳ /home/jsaenzar/.rbenv/versions/2.5.0/bin/rake:23
  [1m[35m (0.0ms)[0m  [1m[36mbegin transaction[0m
  ↳ db/seeds.rb:10
  [1m[36mMotivo Create (0.7ms)[0m  [1m[32mINSERT INTO "motivos" ("idMotivo", "nombreMotivo", "created_at", "updated_at") VALUES (?, ?, ?, ?)[0m  [["idMotivo", 1], ["nombreMotivo", "Deseo ser mejor estudiante"], ["created_at", "2018-11-05 23:36:46.588900"], ["updated_at", "2018-11-05 23:36:46.588900"]]
  ↳ db/seeds.rb:10
  [1m[35m (5.5ms)[0m  [1m[36mcommit transaction[0m
  ↳ db/seeds.rb:10
  [1m[35m (0.0ms)[0m  [1m[36mbegin transaction[0m
  ↳ db/seeds.rb:11
  [1m[36mMotivo Create (0.6ms)[0m  [1m[32mINSERT INTO "motivos" ("idMotivo", "nombreMotivo", "created_at", "updated_at") VALUES (?, ?, ?, ?)[0m  [["idMotivo", 2], ["nombreMotivo", "No aprendo en el cole"], ["created_at", "2018-11-05 23:36:46.597443"], ["updated_at", "2018-11-05 23:36:46.597443"]]
  ↳ db/seeds.rb:11
  [1m[35m (4.5ms)[0m  [1m[36mcommit transaction[0m
  ↳ db/seeds.rb:11
  [1m[35m (0.0ms)[0m  [1m[36mbegin transaction[0m
  ↳ db/seeds.rb:12
  [1m[36mMotivo Create (0.5ms)[0m  [1m[32mINSERT INTO "motivos" ("idMotivo", "nombreMotivo", "created_at", "updated_at") VALUES (?, ?, ?, ?)[0m  [["idMotivo", 3], ["nombreMotivo", "Deseo validar"], ["created_at", "2018-11-05 23:36:46.604014"], ["updated_at", "2018-11-05 23:36:46.604014"]]
  ↳ db/seeds.rb:12
  [1m[35m (3.7ms)[0m  [1m[36mcommit transaction[0m
  ↳ db/seeds.rb:12
  [1m[35m (0.0ms)[0m  [1m[36mbegin transaction[0m
  ↳ db/seeds.rb:13
  [1m[36mMotivo Create (0.6ms)[0m  [1m[32mINSERT INTO "motivos" ("idMotivo", "nombreMotivo", "created_at", "updated_at") VALUES (?, ?, ?, ?)[0m  [["idMotivo", 4], ["nombreMotivo", "No me gusta el cole"], ["created_at", "2018-11-05 23:36:46.610221"], ["updated_at", "2018-11-05 23:36:46.610221"]]
  ↳ db/seeds.rb:13
  [1m[35m (4.1ms)[0m  [1m[36mcommit transaction[0m
  ↳ db/seeds.rb:13
  [1m[35m (0.0ms)[0m  [1m[36mbegin transaction[0m
  ↳ db/seeds.rb:14
  [1m[36mMotivo Create (0.6ms)[0m  [1m[32mINSERT INTO "motivos" ("idMotivo", "nombreMotivo", "created_at", "updated_at") VALUES (?, ?, ?, ?)[0m  [["idMotivo", 5], ["nombreMotivo", "Deseo entrar a la universidad"], ["created_at", "2018-11-05 23:36:46.616773"], ["updated_at", "2018-11-05 23:36:46.616773"]]
  ↳ db/seeds.rb:14
  [1m[35m (8.6ms)[0m  [1m[36mcommit transaction[0m
  ↳ db/seeds.rb:14
  [1m[35m (0.1ms)[0m  [1m[36mbegin transaction[0m
  ↳ db/seeds.rb:16
  [1m[36mEstudiante Create (0.8ms)[0m  [1m[32mINSERT INTO "estudiantes" ("tipoId", "numId", "nombre", "apellido", "edad", "genero", "created_at", "updated_at") VALUES (?, ?, ?, ?, ?, ?, ?, ?)[0m  [["tipoId", "TI"], ["numId", "94080511161"], ["nombre", "Miguel"], ["apellido", "Roa"], ["edad", "15"], ["genero", "masculino"], ["created_at", "2018-11-05 23:36:46.637711"], ["updated_at", "2018-11-05 23:36:46.637711"]]
  ↳ db/seeds.rb:16
  [1m[35m (5.7ms)[0m  [1m[36mcommit transaction[0m
  ↳ db/seeds.rb:16
  [1m[35m (0.0ms)[0m  [1m[36mbegin transaction[0m
  ↳ db/seeds.rb:17
  [1m[36mEstudiante Create (0.7ms)[0m  [1m[32mINSERT INTO "estudiantes" ("tipoId", "numId", "nombre", "apellido", "edad", "genero", "created_at", "updated_at") VALUES (?, ?, ?, ?, ?, ?, ?, ?)[0m  [["tipoId", "TI"], ["numId", "99080533161"], ["nombre", "Fabian"], ["apellido", "Varon"], ["edad", "16"], ["genero", "masculino"], ["created_at", "2018-11-05 23:36:46.646530"], ["updated_at", "2018-11-05 23:36:46.646530"]]
  ↳ db/seeds.rb:17
  [1m[35m (5.0ms)[0m  [1m[36mcommit transaction[0m
  ↳ db/seeds.rb:17
  [1m[35m (0.0ms)[0m  [1m[36mbegin transaction[0m
  ↳ db/seeds.rb:18
  [1m[36mEstudiante Create (0.8ms)[0m  [1m[32mINSERT INTO "estudiantes" ("tipoId", "numId", "nombre", "apellido", "edad", "genero", "created_at", "updated_at") VALUES (?, ?, ?, ?, ?, ?, ?, ?)[0m  [["tipoId", "TI"], ["numId", "98080411110"], ["nombre", "Camila"], ["apellido", "Melo"], ["edad", "13"], ["genero", "femenino"], ["created_at", "2018-11-05 23:36:46.654418"], ["updated_at", "2018-11-05 23:36:46.654418"]]
  ↳ db/seeds.rb:18
  [1m[35m (5.5ms)[0m  [1m[36mcommit transaction[0m
  ↳ db/seeds.rb:18
  [1m[35m (0.1ms)[0m  [1m[36mbegin transaction[0m
  ↳ db/seeds.rb:19
  [1m[36mEstudiante Create (0.8ms)[0m  [1m[32mINSERT INTO "estudiantes" ("tipoId", "numId", "nombre", "apellido", "edad", "genero", "created_at", "updated_at") VALUES (?, ?, ?, ?, ?, ?, ?, ?)[0m  [["tipoId", "TI"], ["numId", "97040522161"], ["nombre", "Leonardo"], ["apellido", "Saenz"], ["edad", "14"], ["genero", "masculino"], ["created_at", "2018-11-05 23:36:46.668625"], ["updated_at", "2018-11-05 23:36:46.668625"]]
  ↳ db/seeds.rb:19
  [1m[35m (5.0ms)[0m  [1m[36mcommit transaction[0m
  ↳ db/seeds.rb:19
  [1m[35m (0.0ms)[0m  [1m[36mbegin transaction[0m
  ↳ db/seeds.rb:20
  [1m[36mEstudiante Create (0.6ms)[0m  [1m[32mINSERT INTO "estudiantes" ("tipoId", "numId", "nombre", "apellido", "edad", "genero", "created_at", "updated_at") VALUES (?, ?, ?, ?, ?, ?, ?, ?)[0m  [["tipoId", "TI"], ["numId", "94020513361"], ["nombre", "Milton"], ["apellido", "Rojas"], ["edad", "15"], ["genero", "masculino"], ["created_at", "2018-11-05 23:36:46.675975"], ["updated_at", "2018-11-05 23:36:46.675975"]]
  ↳ db/seeds.rb:20
  [1m[35m (5.1ms)[0m  [1m[36mcommit transaction[0m
  ↳ db/seeds.rb:20
  [1m[35m (0.0ms)[0m  [1m[36mbegin transaction[0m
  ↳ db/seeds.rb:23
  [1m[36mMaterium Create (0.7ms)[0m  [1m[32mINSERT INTO "materia" ("idMateria", "nombreMateria", "created_at", "updated_at") VALUES (?, ?, ?, ?)[0m  [["idMateria", "0601"], ["nombreMateria", "Matematicas"], ["created_at", "2018-11-05 23:36:46.693663"], ["updated_at", "2018-11-05 23:36:46.693663"]]
  ↳ db/seeds.rb:23
  [1m[35m (4.5ms)[0m  [1m[36mcommit transaction[0m
  ↳ db/seeds.rb:23
  [1m[35m (0.1ms)[0m  [1m[36mbegin transaction[0m
  ↳ db/seeds.rb:24
  [1m[36mMaterium Create (0.6ms)[0m  [1m[32mINSERT INTO "materia" ("idMateria", "nombreMateria", "created_at", "updated_at") VALUES (?, ?, ?, ?)[0m  [["idMateria", "0602"], ["nombreMateria", "Español"], ["created_at", "2018-11-05 23:36:46.701264"], ["updated_at", "2018-11-05 23:36:46.701264"]]
  ↳ db/seeds.rb:24
  [1m[35m (4.5ms)[0m  [1m[36mcommit transaction[0m
  ↳ db/seeds.rb:24
  [1m[35m (0.0ms)[0m  [1m[36mbegin transaction[0m
  ↳ db/seeds.rb:25
  [1m[36mMaterium Create (0.5ms)[0m  [1m[32mINSERT INTO "materia" ("idMateria", "nombreMateria", "created_at", "updated_at") VALUES (?, ?, ?, ?)[0m  [["idMateria", "0603"], ["nombreMateria", "Ingles"], ["created_at", "2018-11-05 23:36:46.707770"], ["updated_at", "2018-11-05 23:36:46.707770"]]
  ↳ db/seeds.rb:25
  [1m[35m (4.0ms)[0m  [1m[36mcommit transaction[0m
  ↳ db/seeds.rb:25
  [1m[35m (0.0ms)[0m  [1m[36mbegin transaction[0m
  ↳ db/seeds.rb:26
  [1m[36mMaterium Create (0.5ms)[0m  [1m[32mINSERT INTO "materia" ("idMateria", "nombreMateria", "created_at", "updated_at") VALUES (?, ?, ?, ?)[0m  [["idMateria", "0604"], ["nombreMateria", "Ciencias Sociales"], ["created_at", "2018-11-05 23:36:46.714334"], ["updated_at", "2018-11-05 23:36:46.714334"]]
  ↳ db/seeds.rb:26
  [1m[35m (4.2ms)[0m  [1m[36mcommit transaction[0m
  ↳ db/seeds.rb:26
  [1m[35m (0.0ms)[0m  [1m[36mbegin transaction[0m
  ↳ db/seeds.rb:27
  [1m[36mMaterium Create (0.6ms)[0m  [1m[32mINSERT INTO "materia" ("idMateria", "nombreMateria", "created_at", "updated_at") VALUES (?, ?, ?, ?)[0m  [["idMateria", "0605"], ["nombreMateria", "Ciencias Naturales"], ["created_at", "2018-11-05 23:36:46.721074"], ["updated_at", "2018-11-05 23:36:46.721074"]]
  ↳ db/seeds.rb:27
  [1m[35m (4.0ms)[0m  [1m[36mcommit transaction[0m
  ↳ db/seeds.rb:27
  [1m[35m (0.1ms)[0m  [1m[34mSELECT "schema_migrations"."version" FROM "schema_migrations" ORDER BY "schema_migrations"."version" ASC[0m
  ↳ /home/jsaenzar/.rbenv/versions/2.5.0/bin/rake:23
  [1m[35m (0.0ms)[0m  [1m[36mbegin transaction[0m
  ↳ db/seeds.rb:10
  [1m[36mMotivo Create (0.8ms)[0m  [1m[32mINSERT INTO "motivos" ("idMotivo", "nombreMotivo", "created_at", "updated_at") VALUES (?, ?, ?, ?)[0m  [["idMotivo", 1], ["nombreMotivo", "Deseo ser mejor estudiante"], ["created_at", "2018-11-05 23:38:05.550981"], ["updated_at", "2018-11-05 23:38:05.550981"]]
  ↳ db/seeds.rb:10
  [1m[35m (6.3ms)[0m  [1m[36mcommit transaction[0m
  ↳ db/seeds.rb:10
  [1m[35m (0.0ms)[0m  [1m[36mbegin transaction[0m
  ↳ db/seeds.rb:11
  [1m[36mMotivo Create (0.5ms)[0m  [1m[32mINSERT INTO "motivos" ("idMotivo", "nombreMotivo", "created_at", "updated_at") VALUES (?, ?, ?, ?)[0m  [["idMotivo", 2], ["nombreMotivo", "No aprendo en el cole"], ["created_at", "2018-11-05 23:38:05.560522"], ["updated_at", "2018-11-05 23:38:05.560522"]]
  ↳ db/seeds.rb:11
  [1m[35m (4.9ms)[0m  [1m[36mcommit transaction[0m
  ↳ db/seeds.rb:11
  [1m[35m (0.0ms)[0m  [1m[36mbegin transaction[0m
  ↳ db/seeds.rb:12
  [1m[36mMotivo Create (0.6ms)[0m  [1m[32mINSERT INTO "motivos" ("idMotivo", "nombreMotivo", "created_at", "updated_at") VALUES (?, ?, ?, ?)[0m  [["idMotivo", 3], ["nombreMotivo", "Deseo validar"], ["created_at", "2018-11-05 23:38:05.567374"], ["updated_at", "2018-11-05 23:38:05.567374"]]
  ↳ db/seeds.rb:12
  [1m[35m (4.3ms)[0m  [1m[36mcommit transaction[0m
  ↳ db/seeds.rb:12
  [1m[35m (0.0ms)[0m  [1m[36mbegin transaction[0m
  ↳ db/seeds.rb:13
  [1m[36mMotivo Create (0.6ms)[0m  [1m[32mINSERT INTO "motivos" ("idMotivo", "nombreMotivo", "created_at", "updated_at") VALUES (?, ?, ?, ?)[0m  [["idMotivo", 4], ["nombreMotivo", "No me gusta el cole"], ["created_at", "2018-11-05 23:38:05.574200"], ["updated_at", "2018-11-05 23:38:05.574200"]]
  ↳ db/seeds.rb:13
  [1m[35m (4.4ms)[0m  [1m[36mcommit transaction[0m
  ↳ db/seeds.rb:13
  [1m[35m (0.0ms)[0m  [1m[36mbegin transaction[0m
  ↳ db/seeds.rb:14
  [1m[36mMotivo Create (0.5ms)[0m  [1m[32mINSERT INTO "motivos" ("idMotivo", "nombreMotivo", "created_at", "updated_at") VALUES (?, ?, ?, ?)[0m  [["idMotivo", 5], ["nombreMotivo", "Deseo entrar a la universidad"], ["created_at", "2018-11-05 23:38:05.580932"], ["updated_at", "2018-11-05 23:38:05.580932"]]
  ↳ db/seeds.rb:14
  [1m[35m (4.9ms)[0m  [1m[36mcommit transaction[0m
  ↳ db/seeds.rb:14
  [1m[35m (0.0ms)[0m  [1m[36mbegin transaction[0m
  ↳ db/seeds.rb:16
  [1m[36mEstudiante Create (0.8ms)[0m  [1m[32mINSERT INTO "estudiantes" ("tipoId", "numId", "nombre", "apellido", "edad", "genero", "created_at", "updated_at") VALUES (?, ?, ?, ?, ?, ?, ?, ?)[0m  [["tipoId", "TI"], ["numId", "94080511161"], ["nombre", "Miguel"], ["apellido", "Roa"], ["edad", "15"], ["genero", "masculino"], ["created_at", "2018-11-05 23:38:05.597317"], ["updated_at", "2018-11-05 23:38:05.597317"]]
  ↳ db/seeds.rb:16
  [1m[35m (4.7ms)[0m  [1m[36mcommit transaction[0m
  ↳ db/seeds.rb:16
  [1m[35m (0.0ms)[0m  [1m[36mbegin transaction[0m
  ↳ db/seeds.rb:17
  [1m[36mEstudiante Create (0.6ms)[0m  [1m[32mINSERT INTO "estudiantes" ("tipoId", "numId", "nombre", "apellido", "edad", "genero", "created_at", "updated_at") VALUES (?, ?, ?, ?, ?, ?, ?, ?)[0m  [["tipoId", "TI"], ["numId", "99080533161"], ["nombre", "Fabian"], ["apellido", "Varon"], ["edad", "16"], ["genero", "masculino"], ["created_at", "2018-11-05 23:38:05.605201"], ["updated_at", "2018-11-05 23:38:05.605201"]]
  ↳ db/seeds.rb:17
  [1m[35m (5.3ms)[0m  [1m[36mcommit transaction[0m
  ↳ db/seeds.rb:17
  [1m[35m (0.1ms)[0m  [1m[36mbegin transaction[0m
  ↳ db/seeds.rb:18
  [1m[36mEstudiante Create (1.1ms)[0m  [1m[32mINSERT INTO "estudiantes" ("tipoId", "numId", "nombre", "apellido", "edad", "genero", "created_at", "updated_at") VALUES (?, ?, ?, ?, ?, ?, ?, ?)[0m  [["tipoId", "TI"], ["numId", "98080411110"], ["nombre", "Camila"], ["apellido", "Melo"], ["edad", "13"], ["genero", "femenino"], ["created_at", "2018-11-05 23:38:05.613499"], ["updated_at", "2018-11-05 23:38:05.613499"]]
  ↳ db/seeds.rb:18
  [1m[35m (5.3ms)[0m  [1m[36mcommit transaction[0m
  ↳ db/seeds.rb:18
  [1m[35m (0.1ms)[0m  [1m[36mbegin transaction[0m
  ↳ db/seeds.rb:19
  [1m[36mEstudiante Create (1.4ms)[0m  [1m[32mINSERT INTO "estudiantes" ("tipoId", "numId", "nombre", "apellido", "edad", "genero", "created_at", "updated_at") VALUES (?, ?, ?, ?, ?, ?, ?, ?)[0m  [["tipoId", "TI"], ["numId", "97040522161"], ["nombre", "Leonardo"], ["apellido", "Saenz"], ["edad", "14"], ["genero", "masculino"], ["created_at", "2018-11-05 23:38:05.627877"], ["updated_at", "2018-11-05 23:38:05.627877"]]
  ↳ db/seeds.rb:19
  [1m[35m (5.6ms)[0m  [1m[36mcommit transaction[0m
  ↳ db/seeds.rb:19
  [1m[35m (0.0ms)[0m  [1m[36mbegin transaction[0m
  ↳ db/seeds.rb:20
  [1m[36mEstudiante Create (1.3ms)[0m  [1m[32mINSERT INTO "estudiantes" ("tipoId", "numId", "nombre", "apellido", "edad", "genero", "created_at", "updated_at") VALUES (?, ?, ?, ?, ?, ?, ?, ?)[0m  [["tipoId", "TI"], ["numId", "94020513361"], ["nombre", "Milton"], ["apellido", "Rojas"], ["edad", "15"], ["genero", "masculino"], ["created_at", "2018-11-05 23:38:05.636604"], ["updated_at", "2018-11-05 23:38:05.636604"]]
  ↳ db/seeds.rb:20
  [1m[35m (5.9ms)[0m  [1m[36mcommit transaction[0m
  ↳ db/seeds.rb:20
  [1m[35m (0.0ms)[0m  [1m[36mbegin transaction[0m
  ↳ db/seeds.rb:23
  [1m[36mMaterium Create (1.6ms)[0m  [1m[32mINSERT INTO "materia" ("idMateria", "nombreMateria", "created_at", "updated_at") VALUES (?, ?, ?, ?)[0m  [["idMateria", "0601"], ["nombreMateria", "Matematicas"], ["created_at", "2018-11-05 23:38:05.669957"], ["updated_at", "2018-11-05 23:38:05.669957"]]
  ↳ db/seeds.rb:23
  [1m[35m (5.5ms)[0m  [1m[36mcommit transaction[0m
  ↳ db/seeds.rb:23
  [1m[35m (0.0ms)[0m  [1m[36mbegin transaction[0m
  ↳ db/seeds.rb:24
  [1m[36mMaterium Create (1.3ms)[0m  [1m[32mINSERT INTO "materia" ("idMateria", "nombreMateria", "created_at", "updated_at") VALUES (?, ?, ?, ?)[0m  [["idMateria", "0602"], ["nombreMateria", "Español"], ["created_at", "2018-11-05 23:38:05.679449"], ["updated_at", "2018-11-05 23:38:05.679449"]]
  ↳ db/seeds.rb:24
  [1m[35m (5.1ms)[0m  [1m[36mcommit transaction[0m
  ↳ db/seeds.rb:24
  [1m[35m (0.0ms)[0m  [1m[36mbegin transaction[0m
  ↳ db/seeds.rb:25
  [1m[36mMaterium Create (1.1ms)[0m  [1m[32mINSERT INTO "materia" ("idMateria", "nombreMateria", "created_at", "updated_at") VALUES (?, ?, ?, ?)[0m  [["idMateria", "0603"], ["nombreMateria", "Ingles"], ["created_at", "2018-11-05 23:38:05.687903"], ["updated_at", "2018-11-05 23:38:05.687903"]]
  ↳ db/seeds.rb:25
  [1m[35m (6.2ms)[0m  [1m[36mcommit transaction[0m
  ↳ db/seeds.rb:25
  [1m[35m (0.1ms)[0m  [1m[36mbegin transaction[0m
  ↳ db/seeds.rb:26
  [1m[36mMaterium Create (0.5ms)[0m  [1m[32mINSERT INTO "materia" ("idMateria", "nombreMateria", "created_at", "updated_at") VALUES (?, ?, ?, ?)[0m  [["idMateria", "0604"], ["nombreMateria", "Ciencias Sociales"], ["created_at", "2018-11-05 23:38:05.697456"], ["updated_at", "2018-11-05 23:38:05.697456"]]
  ↳ db/seeds.rb:26
  [1m[35m (5.8ms)[0m  [1m[36mcommit transaction[0m
  ↳ db/seeds.rb:26
  [1m[35m (0.0ms)[0m  [1m[36mbegin transaction[0m
  ↳ db/seeds.rb:27
  [1m[36mMaterium Create (0.5ms)[0m  [1m[32mINSERT INTO "materia" ("idMateria", "nombreMateria", "created_at", "updated_at") VALUES (?, ?, ?, ?)[0m  [["idMateria", "0605"], ["nombreMateria", "Ciencias Naturales"], ["created_at", "2018-11-05 23:38:05.705827"], ["updated_at", "2018-11-05 23:38:05.705827"]]
  ↳ db/seeds.rb:27
  [1m[35m (5.4ms)[0m  [1m[36mcommit transaction[0m
  ↳ db/seeds.rb:27
  [1m[35m (0.1ms)[0m  [1m[34mSELECT "schema_migrations"."version" FROM "schema_migrations" ORDER BY "schema_migrations"."version" ASC[0m
  ↳ /home/jsaenzar/.rbenv/versions/2.5.0/bin/rake:23
  [1m[35m (0.1ms)[0m  [1m[36mbegin transaction[0m
  ↳ db/seeds.rb:10
  [1m[36mMotivo Create (1.4ms)[0m  [1m[32mINSERT INTO "motivos" ("idMotivo", "nombreMotivo", "created_at", "updated_at") VALUES (?, ?, ?, ?)[0m  [["idMotivo", 1], ["nombreMotivo", "Deseo ser mejor estudiante"], ["created_at", "2018-11-05 23:38:41.475307"], ["updated_at", "2018-11-05 23:38:41.475307"]]
  ↳ db/seeds.rb:10
  [1m[35m (285.6ms)[0m  [1m[36mcommit transaction[0m
  ↳ db/seeds.rb:10
  [1m[35m (0.1ms)[0m  [1m[36mbegin transaction[0m
  ↳ db/seeds.rb:11
  [1m[36mMotivo Create (0.5ms)[0m  [1m[32mINSERT INTO "motivos" ("idMotivo", "nombreMotivo", "created_at", "updated_at") VALUES (?, ?, ?, ?)[0m  [["idMotivo", 2], ["nombreMotivo", "No aprendo en el cole"], ["created_at", "2018-11-05 23:38:41.764083"], ["updated_at", "2018-11-05 23:38:41.764083"]]
  ↳ db/seeds.rb:11
  [1m[35m (13.0ms)[0m  [1m[36mcommit transaction[0m
  ↳ db/seeds.rb:11
  [1m[35m (0.1ms)[0m  [1m[36mbegin transaction[0m
  ↳ db/seeds.rb:12
  [1m[36mMotivo Create (2.6ms)[0m  [1m[32mINSERT INTO "motivos" ("idMotivo", "nombreMotivo", "created_at", "updated_at") VALUES (?, ?, ?, ?)[0m  [["idMotivo", 3], ["nombreMotivo", "Deseo validar"], ["created_at", "2018-11-05 23:38:41.792552"], ["updated_at", "2018-11-05 23:38:41.792552"]]
  ↳ db/seeds.rb:12
  [1m[35m (4.6ms)[0m  [1m[36mcommit transaction[0m
  ↳ db/seeds.rb:12
  [1m[35m (0.1ms)[0m  [1m[36mbegin transaction[0m
  ↳ db/seeds.rb:13
  [1m[36mMotivo Create (1.7ms)[0m  [1m[32mINSERT INTO "motivos" ("idMotivo", "nombreMotivo", "created_at", "updated_at") VALUES (?, ?, ?, ?)[0m  [["idMotivo", 4], ["nombreMotivo", "No me gusta el cole"], ["created_at", "2018-11-05 23:38:41.809417"], ["updated_at", "2018-11-05 23:38:41.809417"]]
  ↳ db/seeds.rb:13
  [1m[35m (4.4ms)[0m  [1m[36mcommit transaction[0m
  ↳ db/seeds.rb:13
  [1m[35m (0.1ms)[0m  [1m[36mbegin transaction[0m
  ↳ db/seeds.rb:14
  [1m[36mMotivo Create (0.7ms)[0m  [1m[32mINSERT INTO "motivos" ("idMotivo", "nombreMotivo", "created_at", "updated_at") VALUES (?, ?, ?, ?)[0m  [["idMotivo", 5], ["nombreMotivo", "Deseo entrar a la universidad"], ["created_at", "2018-11-05 23:38:41.833026"], ["updated_at", "2018-11-05 23:38:41.833026"]]
  ↳ db/seeds.rb:14
  [1m[35m (5.2ms)[0m  [1m[36mcommit transaction[0m
  ↳ db/seeds.rb:14
  [1m[35m (0.1ms)[0m  [1m[36mbegin transaction[0m
  ↳ db/seeds.rb:16
  [1m[36mEstudiante Create (1.4ms)[0m  [1m[32mINSERT INTO "estudiantes" ("tipoId", "numId", "nombre", "apellido", "edad", "genero", "created_at", "updated_at") VALUES (?, ?, ?, ?, ?, ?, ?, ?)[0m  [["tipoId", "TI"], ["numId", "94080511161"], ["nombre", "Miguel"], ["apellido", "Roa"], ["edad", "15"], ["genero", "masculino"], ["created_at", "2018-11-05 23:38:41.852325"], ["updated_at", "2018-11-05 23:38:41.852325"]]
  ↳ db/seeds.rb:16
  [1m[35m (6.3ms)[0m  [1m[36mcommit transaction[0m
  ↳ db/seeds.rb:16
  [1m[35m (0.0ms)[0m  [1m[36mbegin transaction[0m
  ↳ db/seeds.rb:17
  [1m[36mEstudiante Create (1.4ms)[0m  [1m[32mINSERT INTO "estudiantes" ("tipoId", "numId", "nombre", "apellido", "edad", "genero", "created_at", "updated_at") VALUES (?, ?, ?, ?, ?, ?, ?, ?)[0m  [["tipoId", "TI"], ["numId", "99080533161"], ["nombre", "Fabian"], ["apellido", "Varon"], ["edad", "16"], ["genero", "masculino"], ["created_at", "2018-11-05 23:38:41.862589"], ["updated_at", "2018-11-05 23:38:41.862589"]]
  ↳ db/seeds.rb:17
  [1m[35m (11.5ms)[0m  [1m[36mcommit transaction[0m
  ↳ db/seeds.rb:17
  [1m[35m (0.1ms)[0m  [1m[36mbegin transaction[0m
  ↳ db/seeds.rb:18
  [1m[36mEstudiante Create (3.1ms)[0m  [1m[32mINSERT INTO "estudiantes" ("tipoId", "numId", "nombre", "apellido", "edad", "genero", "created_at", "updated_at") VALUES (?, ?, ?, ?, ?, ?, ?, ?)[0m  [["tipoId", "TI"], ["numId", "98080411110"], ["nombre", "Camila"], ["apellido", "Melo"], ["edad", "13"], ["genero", "femenino"], ["created_at", "2018-11-05 23:38:41.878486"], ["updated_at", "2018-11-05 23:38:41.878486"]]
  ↳ db/seeds.rb:18
  [1m[35m (5.8ms)[0m  [1m[36mcommit transaction[0m
  ↳ db/seeds.rb:18
  [1m[35m (0.1ms)[0m  [1m[36mbegin transaction[0m
  ↳ db/seeds.rb:19
  [1m[36mEstudiante Create (0.4ms)[0m  [1m[32mINSERT INTO "estudiantes" ("tipoId", "numId", "nombre", "apellido", "edad", "genero", "created_at", "updated_at") VALUES (?, ?, ?, ?, ?, ?, ?, ?)[0m  [["tipoId", "TI"], ["numId", "97040522161"], ["nombre", "Leonardo"], ["apellido", "Saenz"], ["edad", "14"], ["genero", "masculino"], ["created_at", "2018-11-05 23:38:41.918032"], ["updated_at", "2018-11-05 23:38:41.918032"]]
  ↳ db/seeds.rb:19
  [1m[35m (4.3ms)[0m  [1m[36mcommit transaction[0m
  ↳ db/seeds.rb:19
  [1m[35m (0.1ms)[0m  [1m[36mbegin transaction[0m
  ↳ db/seeds.rb:20
  [1m[36mEstudiante Create (0.7ms)[0m  [1m[32mINSERT INTO "estudiantes" ("tipoId", "numId", "nombre", "apellido", "edad", "genero", "created_at", "updated_at") VALUES (?, ?, ?, ?, ?, ?, ?, ?)[0m  [["tipoId", "TI"], ["numId", "94020513361"], ["nombre", "Milton"], ["apellido", "Rojas"], ["edad", "15"], ["genero", "masculino"], ["created_at", "2018-11-05 23:38:41.926281"], ["updated_at", "2018-11-05 23:38:41.926281"]]
  ↳ db/seeds.rb:20
  [1m[35m (4.5ms)[0m  [1m[36mcommit transaction[0m
  ↳ db/seeds.rb:20
  [1m[35m (0.1ms)[0m  [1m[36mbegin transaction[0m
  ↳ db/seeds.rb:23
  [1m[36mMaterium Create (0.7ms)[0m  [1m[32mINSERT INTO "materia" ("idMateria", "nombreMateria", "created_at", "updated_at") VALUES (?, ?, ?, ?)[0m  [["idMateria", "0601"], ["nombreMateria", "Matematicas"], ["created_at", "2018-11-05 23:38:41.940939"], ["updated_at", "2018-11-05 23:38:41.940939"]]
  ↳ db/seeds.rb:23
  [1m[35m (5.1ms)[0m  [1m[36mcommit transaction[0m
  ↳ db/seeds.rb:23
  [1m[35m (0.1ms)[0m  [1m[36mbegin transaction[0m
  ↳ db/seeds.rb:24
  [1m[36mMaterium Create (0.7ms)[0m  [1m[32mINSERT INTO "materia" ("idMateria", "nombreMateria", "created_at", "updated_at") VALUES (?, ?, ?, ?)[0m  [["idMateria", "0602"], ["nombreMateria", "Español"], ["created_at", "2018-11-05 23:38:41.949374"], ["updated_at", "2018-11-05 23:38:41.949374"]]
  ↳ db/seeds.rb:24
  [1m[35m (4.1ms)[0m  [1m[36mcommit transaction[0m
  ↳ db/seeds.rb:24
  [1m[35m (0.0ms)[0m  [1m[36mbegin transaction[0m
  ↳ db/seeds.rb:25
  [1m[36mMaterium Create (0.6ms)[0m  [1m[32mINSERT INTO "materia" ("idMateria", "nombreMateria", "created_at", "updated_at") VALUES (?, ?, ?, ?)[0m  [["idMateria", "0603"], ["nombreMateria", "Ingles"], ["created_at", "2018-11-05 23:38:41.957010"], ["updated_at", "2018-11-05 23:38:41.957010"]]
  ↳ db/seeds.rb:25
  [1m[35m (5.6ms)[0m  [1m[36mcommit transaction[0m
  ↳ db/seeds.rb:25
  [1m[35m (0.0ms)[0m  [1m[36mbegin transaction[0m
  ↳ db/seeds.rb:26
  [1m[36mMaterium Create (0.6ms)[0m  [1m[32mINSERT INTO "materia" ("idMateria", "nombreMateria", "created_at", "updated_at") VALUES (?, ?, ?, ?)[0m  [["idMateria", "0604"], ["nombreMateria", "Ciencias Sociales"], ["created_at", "2018-11-05 23:38:41.965630"], ["updated_at", "2018-11-05 23:38:41.965630"]]
  ↳ db/seeds.rb:26
  [1m[35m (4.4ms)[0m  [1m[36mcommit transaction[0m
  ↳ db/seeds.rb:26
  [1m[35m (0.1ms)[0m  [1m[36mbegin transaction[0m
  ↳ db/seeds.rb:27
  [1m[36mMaterium Create (6.4ms)[0m  [1m[32mINSERT INTO "materia" ("idMateria", "nombreMateria", "created_at", "updated_at") VALUES (?, ?, ?, ?)[0m  [["idMateria", "0605"], ["nombreMateria", "Ciencias Naturales"], ["created_at", "2018-11-05 23:38:41.973765"], ["updated_at", "2018-11-05 23:38:41.973765"]]
  ↳ db/seeds.rb:27
  [1m[35m (8.7ms)[0m  [1m[36mcommit transaction[0m
  ↳ db/seeds.rb:27
Started GET "/api/v1/consultarestudiantes" for 127.0.0.1 at 2018-11-05 18:38:48 -0500
Processing by Api::V1::ConsultarestudianteController#index as HTML
  [1m[36mEstudiante Load (0.2ms)[0m  [1m[34mSELECT "estudiantes".* FROM "estudiantes"[0m
  ↳ app/controllers/api/v1/consultarestudiante_controller.rb:5
Completed 200 OK in 51ms (Views: 49.9ms | ActiveRecord: 0.6ms)


Started GET "/api/v1/consultarusomotivos" for 127.0.0.1 at 2018-11-05 18:39:24 -0500
Processing by Api::V1::ConsultarusomotivosController#index as HTML
  [1m[36mMotivo Load (0.2ms)[0m  [1m[34mSELECT "motivos".* FROM "motivos"[0m
  ↳ app/controllers/api/v1/consultarusomotivos_controller.rb:5
Completed 200 OK in 16ms (Views: 13.8ms | ActiveRecord: 0.5ms)


  [1m[35m (0.1ms)[0m  [1m[34mSELECT "schema_migrations"."version" FROM "schema_migrations" ORDER BY "schema_migrations"."version" ASC[0m
  ↳ /home/jsaenzar/.rbenv/versions/2.5.0/bin/rake:23
  [1m[35m (0.0ms)[0m  [1m[36mbegin transaction[0m
  ↳ db/seeds.rb:10
  [1m[36mMotivo Create (0.8ms)[0m  [1m[32mINSERT INTO "motivos" ("idMotivo", "nombreMotivo", "created_at", "updated_at") VALUES (?, ?, ?, ?)[0m  [["idMotivo", 1], ["nombreMotivo", "Deseo ser mejor estudiante"], ["created_at", "2018-11-05 23:42:17.770910"], ["updated_at", "2018-11-05 23:42:17.770910"]]
  ↳ db/seeds.rb:10
  [1m[35m (8.8ms)[0m  [1m[36mcommit transaction[0m
  ↳ db/seeds.rb:10
  [1m[35m (0.0ms)[0m  [1m[36mbegin transaction[0m
  ↳ db/seeds.rb:11
  [1m[36mMotivo Create (0.9ms)[0m  [1m[32mINSERT INTO "motivos" ("idMotivo", "nombreMotivo", "created_at", "updated_at") VALUES (?, ?, ?, ?)[0m  [["idMotivo", 2], ["nombreMotivo", "No aprendo en el cole"], ["created_at", "2018-11-05 23:42:17.782741"], ["updated_at", "2018-11-05 23:42:17.782741"]]
  ↳ db/seeds.rb:11
  [1m[35m (4.0ms)[0m  [1m[36mcommit transaction[0m
  ↳ db/seeds.rb:11
  [1m[35m (0.0ms)[0m  [1m[36mbegin transaction[0m
  ↳ db/seeds.rb:12
  [1m[36mMotivo Create (0.5ms)[0m  [1m[32mINSERT INTO "motivos" ("idMotivo", "nombreMotivo", "created_at", "updated_at") VALUES (?, ?, ?, ?)[0m  [["idMotivo", 3], ["nombreMotivo", "Deseo validar"], ["created_at", "2018-11-05 23:42:17.789470"], ["updated_at", "2018-11-05 23:42:17.789470"]]
  ↳ db/seeds.rb:12
  [1m[35m (4.8ms)[0m  [1m[36mcommit transaction[0m
  ↳ db/seeds.rb:12
  [1m[35m (0.0ms)[0m  [1m[36mbegin transaction[0m
  ↳ db/seeds.rb:13
  [1m[36mMotivo Create (0.5ms)[0m  [1m[32mINSERT INTO "motivos" ("idMotivo", "nombreMotivo", "created_at", "updated_at") VALUES (?, ?, ?, ?)[0m  [["idMotivo", 4], ["nombreMotivo", "No me gusta el cole"], ["created_at", "2018-11-05 23:42:17.796730"], ["updated_at", "2018-11-05 23:42:17.796730"]]
  ↳ db/seeds.rb:13
  [1m[35m (4.6ms)[0m  [1m[36mcommit transaction[0m
  ↳ db/seeds.rb:13
  [1m[35m (0.0ms)[0m  [1m[36mbegin transaction[0m
  ↳ db/seeds.rb:14
  [1m[36mMotivo Create (0.6ms)[0m  [1m[32mINSERT INTO "motivos" ("idMotivo", "nombreMotivo", "created_at", "updated_at") VALUES (?, ?, ?, ?)[0m  [["idMotivo", 5], ["nombreMotivo", "Deseo entrar a la universidad"], ["created_at", "2018-11-05 23:42:17.803630"], ["updated_at", "2018-11-05 23:42:17.803630"]]
  ↳ db/seeds.rb:14
  [1m[35m (3.9ms)[0m  [1m[36mcommit transaction[0m
  ↳ db/seeds.rb:14
  [1m[35m (0.1ms)[0m  [1m[36mbegin transaction[0m
  ↳ db/seeds.rb:16
  [1m[36mEstudiante Create (0.7ms)[0m  [1m[32mINSERT INTO "estudiantes" ("tipoId", "numId", "nombre", "apellido", "edad", "genero", "created_at", "updated_at") VALUES (?, ?, ?, ?, ?, ?, ?, ?)[0m  [["tipoId", "TI"], ["numId", "94080511161"], ["nombre", "Miguel"], ["apellido", "Roa"], ["edad", "15"], ["genero", "masculino"], ["created_at", "2018-11-05 23:42:17.821126"], ["updated_at", "2018-11-05 23:42:17.821126"]]
  ↳ db/seeds.rb:16
  [1m[35m (4.4ms)[0m  [1m[36mcommit transaction[0m
  ↳ db/seeds.rb:16
  [1m[35m (0.0ms)[0m  [1m[36mbegin transaction[0m
  ↳ db/seeds.rb:17
  [1m[36mEstudiante Create (0.6ms)[0m  [1m[32mINSERT INTO "estudiantes" ("tipoId", "numId", "nombre", "apellido", "edad", "genero", "created_at", "updated_at") VALUES (?, ?, ?, ?, ?, ?, ?, ?)[0m  [["tipoId", "TI"], ["numId", "99080533161"], ["nombre", "Fabian"], ["apellido", "Varon"], ["edad", "16"], ["genero", "masculino"], ["created_at", "2018-11-05 23:42:17.828529"], ["updated_at", "2018-11-05 23:42:17.828529"]]
  ↳ db/seeds.rb:17
  [1m[35m (4.5ms)[0m  [1m[36mcommit transaction[0m
  ↳ db/seeds.rb:17
  [1m[35m (0.0ms)[0m  [1m[36mbegin transaction[0m
  ↳ db/seeds.rb:18
  [1m[36mEstudiante Create (0.6ms)[0m  [1m[32mINSERT INTO "estudiantes" ("tipoId", "numId", "nombre", "apellido", "edad", "genero", "created_at", "updated_at") VALUES (?, ?, ?, ?, ?, ?, ?, ?)[0m  [["tipoId", "TI"], ["numId", "98080411110"], ["nombre", "Camila"], ["apellido", "Melo"], ["edad", "13"], ["genero", "femenino"], ["created_at", "2018-11-05 23:42:17.835767"], ["updated_at", "2018-11-05 23:42:17.835767"]]
  ↳ db/seeds.rb:18
  [1m[35m (4.0ms)[0m  [1m[36mcommit transaction[0m
  ↳ db/seeds.rb:18
  [1m[35m (0.1ms)[0m  [1m[36mbegin transaction[0m
  ↳ db/seeds.rb:19
  [1m[36mEstudiante Create (0.9ms)[0m  [1m[32mINSERT INTO "estudiantes" ("tipoId", "numId", "nombre", "apellido", "edad", "genero", "created_at", "updated_at") VALUES (?, ?, ?, ?, ?, ?, ?, ?)[0m  [["tipoId", "TI"], ["numId", "97040522161"], ["nombre", "Leonardo"], ["apellido", "Saenz"], ["edad", "14"], ["genero", "masculino"], ["created_at", "2018-11-05 23:42:17.848470"], ["updated_at", "2018-11-05 23:42:17.848470"]]
  ↳ db/seeds.rb:19
  [1m[35m (4.9ms)[0m  [1m[36mcommit transaction[0m
  ↳ db/seeds.rb:19
  [1m[35m (0.0ms)[0m  [1m[36mbegin transaction[0m
  ↳ db/seeds.rb:20
  [1m[36mEstudiante Create (0.6ms)[0m  [1m[32mINSERT INTO "estudiantes" ("tipoId", "numId", "nombre", "apellido", "edad", "genero", "created_at", "updated_at") VALUES (?, ?, ?, ?, ?, ?, ?, ?)[0m  [["tipoId", "TI"], ["numId", "94020513361"], ["nombre", "Milton"], ["apellido", "Rojas"], ["edad", "15"], ["genero", "masculino"], ["created_at", "2018-11-05 23:42:17.855740"], ["updated_at", "2018-11-05 23:42:17.855740"]]
  ↳ db/seeds.rb:20
  [1m[35m (4.8ms)[0m  [1m[36mcommit transaction[0m
  ↳ db/seeds.rb:20
  [1m[35m (0.0ms)[0m  [1m[36mbegin transaction[0m
  ↳ db/seeds.rb:23
  [1m[36mMaterium Create (0.7ms)[0m  [1m[32mINSERT INTO "materia" ("idMateria", "nombreMateria", "created_at", "updated_at") VALUES (?, ?, ?, ?)[0m  [["idMateria", "0601"], ["nombreMateria", "Matematicas"], ["created_at", "2018-11-05 23:42:17.871007"], ["updated_at", "2018-11-05 23:42:17.871007"]]
  ↳ db/seeds.rb:23
  [1m[35m (4.3ms)[0m  [1m[36mcommit transaction[0m
  ↳ db/seeds.rb:23
  [1m[35m (0.0ms)[0m  [1m[36mbegin transaction[0m
  ↳ db/seeds.rb:24
  [1m[36mMaterium Create (0.5ms)[0m  [1m[32mINSERT INTO "materia" ("idMateria", "nombreMateria", "created_at", "updated_at") VALUES (?, ?, ?, ?)[0m  [["idMateria", "0602"], ["nombreMateria", "Español"], ["created_at", "2018-11-05 23:42:17.879320"], ["updated_at", "2018-11-05 23:42:17.879320"]]
  ↳ db/seeds.rb:24
  [1m[35m (5.2ms)[0m  [1m[36mcommit transaction[0m
  ↳ db/seeds.rb:24
  [1m[35m (0.0ms)[0m  [1m[36mbegin transaction[0m
  ↳ db/seeds.rb:25
  [1m[36mMaterium Create (0.5ms)[0m  [1m[32mINSERT INTO "materia" ("idMateria", "nombreMateria", "created_at", "updated_at") VALUES (?, ?, ?, ?)[0m  [["idMateria", "0603"], ["nombreMateria", "Ingles"], ["created_at", "2018-11-05 23:42:17.886506"], ["updated_at", "2018-11-05 23:42:17.886506"]]
  ↳ db/seeds.rb:25
  [1m[35m (4.2ms)[0m  [1m[36mcommit transaction[0m
  ↳ db/seeds.rb:25
  [1m[35m (0.1ms)[0m  [1m[36mbegin transaction[0m
  ↳ db/seeds.rb:26
  [1m[36mMaterium Create (0.5ms)[0m  [1m[32mINSERT INTO "materia" ("idMateria", "nombreMateria", "created_at", "updated_at") VALUES (?, ?, ?, ?)[0m  [["idMateria", "0604"], ["nombreMateria", "Ciencias Sociales"], ["created_at", "2018-11-05 23:42:17.893049"], ["updated_at", "2018-11-05 23:42:17.893049"]]
  ↳ db/seeds.rb:26
  [1m[35m (4.7ms)[0m  [1m[36mcommit transaction[0m
  ↳ db/seeds.rb:26
  [1m[35m (0.0ms)[0m  [1m[36mbegin transaction[0m
  ↳ db/seeds.rb:27
  [1m[36mMaterium Create (0.5ms)[0m  [1m[32mINSERT INTO "materia" ("idMateria", "nombreMateria", "created_at", "updated_at") VALUES (?, ?, ?, ?)[0m  [["idMateria", "0605"], ["nombreMateria", "Ciencias Naturales"], ["created_at", "2018-11-05 23:42:17.900323"], ["updated_at", "2018-11-05 23:42:17.900323"]]
  ↳ db/seeds.rb:27
  [1m[35m (4.2ms)[0m  [1m[36mcommit transaction[0m
  ↳ db/seeds.rb:27
Started GET "/api/v1/consultarencuesta" for 127.0.0.1 at 2018-11-05 18:42:28 -0500
  
ActionController::RoutingError (No route matches [GET] "/api/v1/consultarencuesta"):
  
actionpack (5.2.1) lib/action_dispatch/middleware/debug_exceptions.rb:65:in `call'
web-console (3.7.0) lib/web_console/middleware.rb:135:in `call_app'
web-console (3.7.0) lib/web_console/middleware.rb:30:in `block in call'
web-console (3.7.0) lib/web_console/middleware.rb:20:in `catch'
web-console (3.7.0) lib/web_console/middleware.rb:20:in `call'
actionpack (5.2.1) lib/action_dispatch/middleware/show_exceptions.rb:33:in `call'
railties (5.2.1) lib/rails/rack/logger.rb:38:in `call_app'
railties (5.2.1) lib/rails/rack/logger.rb:26:in `block in call'
activesupport (5.2.1) lib/active_support/tagged_logging.rb:71:in `block in tagged'
activesupport (5.2.1) lib/active_support/tagged_logging.rb:28:in `tagged'
activesupport (5.2.1) lib/active_support/tagged_logging.rb:71:in `tagged'
railties (5.2.1) lib/rails/rack/logger.rb:26:in `call'
sprockets-rails (3.2.1) lib/sprockets/rails/quiet_assets.rb:13:in `call'
actionpack (5.2.1) lib/action_dispatch/middleware/remote_ip.rb:81:in `call'
actionpack (5.2.1) lib/action_dispatch/middleware/request_id.rb:27:in `call'
rack (2.0.5) lib/rack/method_override.rb:22:in `call'
rack (2.0.5) lib/rack/runtime.rb:22:in `call'
activesupport (5.2.1) lib/active_support/cache/strategy/local_cache_middleware.rb:29:in `call'
actionpack (5.2.1) lib/action_dispatch/middleware/executor.rb:14:in `call'
actionpack (5.2.1) lib/action_dispatch/middleware/static.rb:127:in `call'
rack (2.0.5) lib/rack/sendfile.rb:111:in `call'
rack-cors (1.0.2) lib/rack/cors.rb:97:in `call'
railties (5.2.1) lib/rails/engine.rb:524:in `call'
puma (3.12.0) lib/puma/configuration.rb:225:in `call'
puma (3.12.0) lib/puma/server.rb:658:in `handle_request'
puma (3.12.0) lib/puma/server.rb:472:in `process_client'
puma (3.12.0) lib/puma/server.rb:332:in `block in run'
puma (3.12.0) lib/puma/thread_pool.rb:133:in `block in spawn_thread'
Started GET "/api/v1/consultarencuesta/estudiante" for 127.0.0.1 at 2018-11-05 18:43:01 -0500
Processing by Api::V1::ConsultarencuestaController#index as HTML
  [1m[36mEncuestum Load (0.1ms)[0m  [1m[34mSELECT "encuesta".* FROM "encuesta"[0m
  ↳ app/controllers/api/v1/consultarencuesta_controller.rb:5
Completed 200 OK in 5ms (Views: 3.1ms | ActiveRecord: 0.4ms)


Started GET "/api/v1/consultarencuesta/estudiante" for 127.0.0.1 at 2018-11-05 18:43:04 -0500
Processing by Api::V1::ConsultarencuestaController#index as HTML
  [1m[36mEncuestum Load (0.2ms)[0m  [1m[34mSELECT "encuesta".* FROM "encuesta"[0m
  ↳ app/controllers/api/v1/consultarencuesta_controller.rb:5
Completed 200 OK in 3ms (Views: 2.4ms | ActiveRecord: 0.2ms)


  [1m[35m (0.2ms)[0m  [1m[34mSELECT "schema_migrations"."version" FROM "schema_migrations" ORDER BY "schema_migrations"."version" ASC[0m
  ↳ /home/jsaenzar/.rbenv/versions/2.5.0/bin/rake:23
  [1m[35m (0.2ms)[0m  [1m[34mSELECT "schema_migrations"."version" FROM "schema_migrations" ORDER BY "schema_migrations"."version" ASC[0m
  ↳ /home/jsaenzar/.rbenv/versions/2.5.0/bin/rake:23
  [1m[35m (0.0ms)[0m  [1m[36mbegin transaction[0m
  ↳ db/seeds.rb:30
  [1m[36mEncuestum Create (1.0ms)[0m  [1m[32mINSERT INTO "encuesta" ("motivo_id", "estudiante_id", "materias", "created_at", "updated_at") VALUES (?, ?, ?, ?, ?)[0m  [["motivo_id", 1], ["estudiante_id", 1], ["materias", "Matematicas-Español"], ["created_at", "2018-11-05 23:43:55.643779"], ["updated_at", "2018-11-05 23:43:55.643779"]]
  ↳ db/seeds.rb:30
  [1m[35m (7.6ms)[0m  [1m[36mcommit transaction[0m
  ↳ db/seeds.rb:30
  [1m[35m (0.0ms)[0m  [1m[36mbegin transaction[0m
  ↳ db/seeds.rb:31
  [1m[36mEncuestum Create (0.7ms)[0m  [1m[32mINSERT INTO "encuesta" ("motivo_id", "estudiante_id", "materias", "created_at", "updated_at") VALUES (?, ?, ?, ?, ?)[0m  [["motivo_id", 2], ["estudiante_id", 2], ["materias", "Ciencias Sociales-Español"], ["created_at", "2018-11-05 23:43:55.654421"], ["updated_at", "2018-11-05 23:43:55.654421"]]
  ↳ db/seeds.rb:31
  [1m[35m (4.5ms)[0m  [1m[36mcommit transaction[0m
  ↳ db/seeds.rb:31
  [1m[35m (0.0ms)[0m  [1m[36mbegin transaction[0m
  ↳ db/seeds.rb:32
  [1m[36mEncuestum Create (0.8ms)[0m  [1m[32mINSERT INTO "encuesta" ("motivo_id", "estudiante_id", "materias", "created_at", "updated_at") VALUES (?, ?, ?, ?, ?)[0m  [["motivo_id", 3], ["estudiante_id", 3], ["materias", "Ingles-Español"], ["created_at", "2018-11-05 23:43:55.661835"], ["updated_at", "2018-11-05 23:43:55.661835"]]
  ↳ db/seeds.rb:32
  [1m[35m (4.2ms)[0m  [1m[36mcommit transaction[0m
  ↳ db/seeds.rb:32
Started GET "/api/v1/consultarencuesta/estudiante" for 127.0.0.1 at 2018-11-05 18:44:02 -0500
Processing by Api::V1::ConsultarencuestaController#index as HTML
  [1m[36mEncuestum Load (0.2ms)[0m  [1m[34mSELECT "encuesta".* FROM "encuesta"[0m
  ↳ app/controllers/api/v1/consultarencuesta_controller.rb:5
Completed 200 OK in 11ms (Views: 9.8ms | ActiveRecord: 0.4ms)


Started GET "/" for 127.0.0.1 at 2018-11-05 16:52:06 -0800
  [1m[35m (0.2ms)[0m  [1m[34mSELECT "schema_migrations"."version" FROM "schema_migrations" ORDER BY "schema_migrations"."version" ASC[0m
  ↳ /home/carlosc/.rbenv/versions/2.5.0/lib/ruby/gems/2.5.0/gems/activerecord-5.2.1/lib/active_record/log_subscriber.rb:98
Processing by PagesController#index as HTML
  Rendering user_notifier_mailer/send_signup_email.html.erb within layouts/mailer
  Rendered user_notifier_mailer/send_signup_email.html.erb within layouts/mailer (2.1ms)
UserNotifierMailer#send_signup_email: processed outbound mail in 671.9ms
Sent mail to carlos.eduardo.castro@everis.com (4081.8ms)
Date: Mon, 05 Nov 2018 16:52:07 -0800
From: jose.leonardo.saenz.ariza@everis.com
To: carlos.eduardo.castro@everis.com
Message-ID: <5be0e5b7ba905_13662af56e43174464470@ubuntu.mail>
Subject: Thanks for signing up for our amazing app
Mime-Version: 1.0
Content-Type: text/html;
 charset=UTF-8
Content-Transfer-Encoding: 7bit

<!DOCTYPE html>
<html>
  <head>
    <meta http-equiv="Content-Type" content="text/html; charset=utf-8" />
    <style>
      /* Email styles need to be inline */
    </style>
  </head>

  <body>
    <h1>Hola Carlitos!</h1>
  </body>
</html>

  Rendering pages/index.html.erb within layouts/application
  Rendered pages/index.html.erb within layouts/application (0.4ms)
Completed 200 OK in 5788ms (Views: 1000.8ms | ActiveRecord: 0.0ms)


Started GET "/api/v1/consultarEstudiantes" for 127.0.0.1 at 2018-11-05 16:52:28 -0800
  
ActionController::RoutingError (No route matches [GET] "/api/v1/consultarEstudiantes"):
  
actionpack (5.2.1) lib/action_dispatch/middleware/debug_exceptions.rb:65:in `call'
web-console (3.7.0) lib/web_console/middleware.rb:135:in `call_app'
web-console (3.7.0) lib/web_console/middleware.rb:30:in `block in call'
web-console (3.7.0) lib/web_console/middleware.rb:20:in `catch'
web-console (3.7.0) lib/web_console/middleware.rb:20:in `call'
actionpack (5.2.1) lib/action_dispatch/middleware/show_exceptions.rb:33:in `call'
railties (5.2.1) lib/rails/rack/logger.rb:38:in `call_app'
railties (5.2.1) lib/rails/rack/logger.rb:26:in `block in call'
activesupport (5.2.1) lib/active_support/tagged_logging.rb:71:in `block in tagged'
activesupport (5.2.1) lib/active_support/tagged_logging.rb:28:in `tagged'
activesupport (5.2.1) lib/active_support/tagged_logging.rb:71:in `tagged'
railties (5.2.1) lib/rails/rack/logger.rb:26:in `call'
sprockets-rails (3.2.1) lib/sprockets/rails/quiet_assets.rb:13:in `call'
actionpack (5.2.1) lib/action_dispatch/middleware/remote_ip.rb:81:in `call'
actionpack (5.2.1) lib/action_dispatch/middleware/request_id.rb:27:in `call'
rack (2.0.5) lib/rack/method_override.rb:22:in `call'
rack (2.0.5) lib/rack/runtime.rb:22:in `call'
activesupport (5.2.1) lib/active_support/cache/strategy/local_cache_middleware.rb:29:in `call'
actionpack (5.2.1) lib/action_dispatch/middleware/executor.rb:14:in `call'
actionpack (5.2.1) lib/action_dispatch/middleware/static.rb:127:in `call'
rack (2.0.5) lib/rack/sendfile.rb:111:in `call'
rack-cors (1.0.2) lib/rack/cors.rb:97:in `call'
railties (5.2.1) lib/rails/engine.rb:524:in `call'
puma (3.12.0) lib/puma/configuration.rb:225:in `call'
puma (3.12.0) lib/puma/server.rb:658:in `handle_request'
puma (3.12.0) lib/puma/server.rb:472:in `process_client'
puma (3.12.0) lib/puma/server.rb:332:in `block in run'
puma (3.12.0) lib/puma/thread_pool.rb:133:in `block in spawn_thread'
Started GET "/api/v1/consultarestudiantes" for 127.0.0.1 at 2018-11-05 16:52:31 -0800
Processing by Api::V1::ConsultarestudianteController#index as HTML
  [1m[36mEstudiante Load (7.0ms)[0m  [1m[34mSELECT "estudiantes".* FROM "estudiantes"[0m
  ↳ app/controllers/api/v1/consultarestudiante_controller.rb:5
Completed 200 OK in 63ms (Views: 32.8ms | ActiveRecord: 8.0ms)


Started GET "/users" for 127.0.0.1 at 2018-11-10 18:14:13 -0500
  [1m[35m (0.3ms)[0m  [1m[34mSELECT "schema_migrations"."version" FROM "schema_migrations" ORDER BY "schema_migrations"."version" ASC[0m
  ↳ /home/jsaenzar/.rbenv/versions/2.5.0/lib/ruby/gems/2.5.0/gems/activerecord-5.2.1/lib/active_record/log_subscriber.rb:98
  
ActionController::RoutingError (No route matches [GET] "/users"):
  
actionpack (5.2.1) lib/action_dispatch/middleware/debug_exceptions.rb:65:in `call'
web-console (3.7.0) lib/web_console/middleware.rb:135:in `call_app'
web-console (3.7.0) lib/web_console/middleware.rb:30:in `block in call'
web-console (3.7.0) lib/web_console/middleware.rb:20:in `catch'
web-console (3.7.0) lib/web_console/middleware.rb:20:in `call'
actionpack (5.2.1) lib/action_dispatch/middleware/show_exceptions.rb:33:in `call'
railties (5.2.1) lib/rails/rack/logger.rb:38:in `call_app'
railties (5.2.1) lib/rails/rack/logger.rb:26:in `block in call'
activesupport (5.2.1) lib/active_support/tagged_logging.rb:71:in `block in tagged'
activesupport (5.2.1) lib/active_support/tagged_logging.rb:28:in `tagged'
activesupport (5.2.1) lib/active_support/tagged_logging.rb:71:in `tagged'
railties (5.2.1) lib/rails/rack/logger.rb:26:in `call'
sprockets-rails (3.2.1) lib/sprockets/rails/quiet_assets.rb:13:in `call'
actionpack (5.2.1) lib/action_dispatch/middleware/remote_ip.rb:81:in `call'
actionpack (5.2.1) lib/action_dispatch/middleware/request_id.rb:27:in `call'
rack (2.0.5) lib/rack/method_override.rb:22:in `call'
rack (2.0.5) lib/rack/runtime.rb:22:in `call'
activesupport (5.2.1) lib/active_support/cache/strategy/local_cache_middleware.rb:29:in `call'
actionpack (5.2.1) lib/action_dispatch/middleware/executor.rb:14:in `call'
actionpack (5.2.1) lib/action_dispatch/middleware/static.rb:127:in `call'
rack (2.0.5) lib/rack/sendfile.rb:111:in `call'
rack-cors (1.0.2) lib/rack/cors.rb:97:in `call'
railties (5.2.1) lib/rails/engine.rb:524:in `call'
puma (3.12.0) lib/puma/configuration.rb:225:in `call'
puma (3.12.0) lib/puma/server.rb:658:in `handle_request'
puma (3.12.0) lib/puma/server.rb:472:in `process_client'
puma (3.12.0) lib/puma/server.rb:332:in `block in run'
puma (3.12.0) lib/puma/thread_pool.rb:133:in `block in spawn_thread'
Started GET "/" for 127.0.0.1 at 2018-11-10 18:14:30 -0500
Processing by PagesController#index as HTML
  Rendering user_notifier_mailer/send_signup_email.html.erb within layouts/mailer
  Rendered user_notifier_mailer/send_signup_email.html.erb within layouts/mailer (0.4ms)
UserNotifierMailer#send_signup_email: processed outbound mail in 1429.1ms
Sent mail to carlos.eduardo.castro@everis.com (1950.2ms)
Date: Sat, 10 Nov 2018 18:14:32 -0500
From: jose.leonardo.saenz.ariza@everis.com
To: carlos.eduardo.castro@everis.com
Message-ID: <5be766585d3dd_20e12b1ec29c5ef82582c@jsaenzar-VirtualBox.mail>
Subject: Thanks for signing up for our amazing app
Mime-Version: 1.0
Content-Type: text/html;
 charset=UTF-8
Content-Transfer-Encoding: 7bit

<!DOCTYPE html>
<html>
  <head>
    <meta http-equiv="Content-Type" content="text/html; charset=utf-8" />
    <style>
      /* Email styles need to be inline */
    </style>
  </head>

  <body>
    <h1>Hola Carlitos!</h1>
  </body>
</html>

  Rendering pages/index.html.erb within layouts/application
  Rendered pages/index.html.erb within layouts/application (1.2ms)
Completed 200 OK in 4212ms (Views: 790.9ms | ActiveRecord: 0.0ms)


Started GET "/api/v1/consultarestudiantes" for 127.0.0.1 at 2018-11-10 18:14:51 -0500
Processing by Api::V1::ConsultarestudianteController#index as HTML
  [1m[36mEstudiante Load (7.6ms)[0m  [1m[34mSELECT "estudiantes".* FROM "estudiantes"[0m
  ↳ app/controllers/api/v1/consultarestudiante_controller.rb:5
Completed 200 OK in 100ms (Views: 36.4ms | ActiveRecord: 8.7ms)


Started GET "/" for 127.0.0.1 at 2018-11-10 18:18:43 -0500
Processing by PagesController#index as HTML
  Rendering user_notifier_mailer/send_signup_email.html.erb within layouts/mailer
  Rendered user_notifier_mailer/send_signup_email.html.erb within layouts/mailer (0.3ms)
UserNotifierMailer#send_signup_email: processed outbound mail in 14.7ms
Sent mail to carlos.eduardo.castro@everis.com (1641.6ms)
Date: Sat, 10 Nov 2018 18:18:43 -0500
From: jose.leonardo.saenz.ariza@everis.com
To: carlos.eduardo.castro@everis.com
Message-ID: <5be76753c8db_20e12b1ec29c5430259d4@jsaenzar-VirtualBox.mail>
Subject: Thanks for signing up for our amazing app
Mime-Version: 1.0
Content-Type: text/html;
 charset=UTF-8
Content-Transfer-Encoding: 7bit

<!DOCTYPE html>
<html>
  <head>
    <meta http-equiv="Content-Type" content="text/html; charset=utf-8" />
    <style>
      /* Email styles need to be inline */
    </style>
  </head>

  <body>
    <h1>Hola Carlitos!</h1>
  </body>
</html>

  Rendering pages/index.html.erb within layouts/application
  Rendered pages/index.html.erb within layouts/application (0.7ms)
Completed 200 OK in 1706ms (Views: 45.5ms | ActiveRecord: 0.0ms)


  [1m[35m (0.2ms)[0m  [1m[34mSELECT "schema_migrations"."version" FROM "schema_migrations" ORDER BY "schema_migrations"."version" ASC[0m
  ↳ bin/rails:9
Migrating to CreateUsers (20181110232535)
  [1m[35m (0.1ms)[0m  [1m[36mbegin transaction[0m
  ↳ bin/rails:9
  [1m[35m (0.1ms)[0m  [1m[34mSELECT sqlite_version(*)[0m
  ↳ db/migrate/20181110232535_create_users.rb:3
  [1m[35m (0.5ms)[0m  [1m[35mCREATE TABLE "users" ("id" integer PRIMARY KEY AUTOINCREMENT NOT NULL, "name" varchar, "email" varchar, "password_digest" varchar, "created_at" datetime NOT NULL, "updated_at" datetime NOT NULL)[0m
  ↳ db/migrate/20181110232535_create_users.rb:3
  [1m[35m (0.1ms)[0m  [1m[31mrollback transaction[0m
  ↳ bin/rails:9
  [1m[36mUser Load (27.1ms)[0m  [1m[34mSELECT  "users".* FROM "users" LIMIT ?[0m  [["LIMIT", 11]]
  [1m[35m (0.2ms)[0m  [1m[34mSELECT "schema_migrations"."version" FROM "schema_migrations" ORDER BY "schema_migrations"."version" ASC[0m
  ↳ /home/jsaenzar/.rbenv/versions/2.5.0/bin/rake:23
Migrating to CreateUsers (20181110232535)
  [1m[35m (0.1ms)[0m  [1m[36mbegin transaction[0m
  ↳ /home/jsaenzar/.rbenv/versions/2.5.0/bin/rake:23
  [1m[35m (0.2ms)[0m  [1m[34mSELECT sqlite_version(*)[0m
  ↳ db/migrate/20181110232535_create_users.rb:3
  [1m[35m (0.4ms)[0m  [1m[35mCREATE TABLE "users" ("id" integer PRIMARY KEY AUTOINCREMENT NOT NULL, "name" varchar, "email" varchar, "password_digest" varchar, "created_at" datetime NOT NULL, "updated_at" datetime NOT NULL)[0m
  ↳ db/migrate/20181110232535_create_users.rb:3
  [1m[35m (0.0ms)[0m  [1m[31mrollback transaction[0m
  ↳ /home/jsaenzar/.rbenv/versions/2.5.0/bin/rake:23
  [1m[35m (0.1ms)[0m  [1m[34mSELECT "schema_migrations"."version" FROM "schema_migrations" ORDER BY "schema_migrations"."version" ASC[0m
  ↳ /home/jsaenzar/.rbenv/versions/2.5.0/bin/rake:23
Migrating to DropUsersTable (20181110233528)
  [1m[35m (0.1ms)[0m  [1m[36mbegin transaction[0m
  ↳ /home/jsaenzar/.rbenv/versions/2.5.0/bin/rake:23
  [1m[35m (28.2ms)[0m  [1m[35mDROP TABLE "users"[0m
  ↳ db/migrate/20181110233528_drop_users_table.rb:4
  [1m[36mActiveRecord::SchemaMigration Create (2.7ms)[0m  [1m[32mINSERT INTO "schema_migrations" ("version") VALUES (?)[0m  [["version", "20181110233528"]]
  ↳ /home/jsaenzar/.rbenv/versions/2.5.0/bin/rake:23
  [1m[35m (8.8ms)[0m  [1m[36mcommit transaction[0m
  ↳ /home/jsaenzar/.rbenv/versions/2.5.0/bin/rake:23
  [1m[36mActiveRecord::InternalMetadata Load (0.3ms)[0m  [1m[34mSELECT  "ar_internal_metadata".* FROM "ar_internal_metadata" WHERE "ar_internal_metadata"."key" = ? LIMIT ?[0m  [["key", "environment"], ["LIMIT", 1]]
  ↳ /home/jsaenzar/.rbenv/versions/2.5.0/bin/rake:23
  [1m[35m (0.1ms)[0m  [1m[36mbegin transaction[0m
  ↳ /home/jsaenzar/.rbenv/versions/2.5.0/bin/rake:23
  [1m[35m (0.0ms)[0m  [1m[36mcommit transaction[0m
  ↳ /home/jsaenzar/.rbenv/versions/2.5.0/bin/rake:23
  [1m[35m (0.1ms)[0m  [1m[34mSELECT "schema_migrations"."version" FROM "schema_migrations" ORDER BY "schema_migrations"."version" ASC[0m
  ↳ /home/jsaenzar/.rbenv/versions/2.5.0/bin/rake:23
  [1m[35m (0.1ms)[0m  [1m[34mSELECT "schema_migrations"."version" FROM "schema_migrations" ORDER BY "schema_migrations"."version" ASC[0m
  ↳ /home/jsaenzar/.rbenv/versions/2.5.0/bin/rake:23
Migrating to CreateUsers (20181110233925)
  [1m[35m (0.6ms)[0m  [1m[36mbegin transaction[0m
  ↳ /home/jsaenzar/.rbenv/versions/2.5.0/bin/rake:23
  [1m[35m (0.1ms)[0m  [1m[34mSELECT sqlite_version(*)[0m
  ↳ db/migrate/20181110233925_create_users.rb:3
  [1m[35m (1.7ms)[0m  [1m[35mCREATE TABLE "users" ("id" integer PRIMARY KEY AUTOINCREMENT NOT NULL, "name" varchar, "email" varchar, "password_digest" varchar, "created_at" datetime NOT NULL, "updated_at" datetime NOT NULL)[0m
  ↳ db/migrate/20181110233925_create_users.rb:3
  [1m[36mActiveRecord::SchemaMigration Create (0.3ms)[0m  [1m[32mINSERT INTO "schema_migrations" ("version") VALUES (?)[0m  [["version", "20181110233925"]]
  ↳ /home/jsaenzar/.rbenv/versions/2.5.0/bin/rake:23
  [1m[35m (59.0ms)[0m  [1m[36mcommit transaction[0m
  ↳ /home/jsaenzar/.rbenv/versions/2.5.0/bin/rake:23
  [1m[36mActiveRecord::InternalMetadata Load (2.0ms)[0m  [1m[34mSELECT  "ar_internal_metadata".* FROM "ar_internal_metadata" WHERE "ar_internal_metadata"."key" = ? LIMIT ?[0m  [["key", "environment"], ["LIMIT", 1]]
  ↳ /home/jsaenzar/.rbenv/versions/2.5.0/bin/rake:23
  [1m[35m (0.1ms)[0m  [1m[36mbegin transaction[0m
  ↳ /home/jsaenzar/.rbenv/versions/2.5.0/bin/rake:23
  [1m[35m (0.1ms)[0m  [1m[36mcommit transaction[0m
  ↳ /home/jsaenzar/.rbenv/versions/2.5.0/bin/rake:23
  [1m[35m (0.2ms)[0m  [1m[34mSELECT "schema_migrations"."version" FROM "schema_migrations" ORDER BY "schema_migrations"."version" ASC[0m
  ↳ /home/jsaenzar/.rbenv/versions/2.5.0/bin/rake:23
  [1m[35m (0.1ms)[0m  [1m[36mbegin transaction[0m
  [1m[36mUser Create (3.6ms)[0m  [1m[32mINSERT INTO "users" ("email", "password_digest", "created_at", "updated_at") VALUES (?, ?, ?, ?)[0m  [["email", "example@mail.com"], ["password_digest", "$2a$10$tJF512GLpXs3gfXw1SZSPuAi42aXCsAnwiJyuDWTL5iP9CESGTzF2"], ["created_at", "2018-11-11 00:44:47.620184"], ["updated_at", "2018-11-11 00:44:47.620184"]]
  [1m[35m (6.0ms)[0m  [1m[36mcommit transaction[0m
Started POST "/authenticate" for 127.0.0.1 at 2018-11-10 19:46:47 -0500
  [1m[35m (0.1ms)[0m  [1m[34mSELECT "schema_migrations"."version" FROM "schema_migrations" ORDER BY "schema_migrations"."version" ASC[0m
  ↳ /home/jsaenzar/.rbenv/versions/2.5.0/lib/ruby/gems/2.5.0/gems/activerecord-5.2.1/lib/active_record/log_subscriber.rb:98
Processing by AuthenticationController#authenticate as */*
  Parameters: {"email"=>"example1@mail.com", "password"=>"[FILTERED]", "authentication"=>{"email"=>"example1@mail.com", "password"=>"[FILTERED]"}}
Can't verify CSRF token authenticity.
Completed 500 Internal Server Error in 2ms (ActiveRecord: 0.0ms)


  
NameError (uninitialized constant AuthenticationController::AuthenticateUser):
  
app/controllers/authentication_controller.rb:5:in `authenticate'
Started POST "/authenticate" for 127.0.0.1 at 2018-11-10 19:51:42 -0500
Processing by AuthenticationController#authenticate as */*
  Parameters: {"email"=>"example1@mail.com", "password"=>"[FILTERED]", "authentication"=>{"email"=>"example1@mail.com", "password"=>"[FILTERED]"}}
Can't verify CSRF token authenticity.
Completed 500 Internal Server Error in 7ms (ActiveRecord: 0.0ms)


  
NameError (uninitialized constant AuthenticationController::AuthenticateUser):
  
app/controllers/authentication_controller.rb:5:in `authenticate'
Started POST "/authenticate" for 127.0.0.1 at 2018-11-10 19:53:46 -0500
Processing by AuthenticationController#authenticate as */*
  Parameters: {"email"=>"example@mail.com", "password"=>"[FILTERED]", "authentication"=>{"email"=>"example@mail.com", "password"=>"[FILTERED]"}}
Can't verify CSRF token authenticity.
Completed 500 Internal Server Error in 25ms (ActiveRecord: 0.0ms)


  
NameError (uninitialized constant AuthenticationController::AuthenticateUser):
  
app/controllers/authentication_controller.rb:5:in `authenticate'
Started POST "/authenticate" for 127.0.0.1 at 2018-11-10 19:54:48 -0500
  [1m[35m (0.3ms)[0m  [1m[34mSELECT "schema_migrations"."version" FROM "schema_migrations" ORDER BY "schema_migrations"."version" ASC[0m
  ↳ /home/jsaenzar/.rbenv/versions/2.5.0/lib/ruby/gems/2.5.0/gems/activerecord-5.2.1/lib/active_record/log_subscriber.rb:98
Processing by AuthenticationController#authenticate as */*
  Parameters: {"email"=>"example@mail.com", "password"=>"[FILTERED]", "authentication"=>{"email"=>"example@mail.com", "password"=>"[FILTERED]"}}
Can't verify CSRF token authenticity.
  [1m[36mUser Load (0.2ms)[0m  [1m[34mSELECT  "users".* FROM "users" WHERE "users"."email" = ? LIMIT ?[0m  [["email", "example@mail.com"], ["LIMIT", 1]]
  ↳ app/commands/authenticate_user.rb:18
  [1m[36mUser Load (0.2ms)[0m  [1m[34mSELECT  "users".* FROM "users" WHERE "users"."email" = ? LIMIT ?[0m  [["email", "example@mail.com"], ["LIMIT", 1]]
  ↳ app/commands/authenticate_user.rb:18
Completed 200 OK in 470ms (Views: 0.3ms | ActiveRecord: 1.3ms)


Started GET "/api/v1/consultarestudiantes" for 127.0.0.1 at 2018-11-10 19:56:03 -0500
Processing by Api::V1::ConsultarestudianteController#index as HTML
Filter chain halted as :authenticate_request rendered or redirected
Completed 401 Unauthorized in 10ms (Views: 0.3ms | ActiveRecord: 0.0ms)


Started GET "/api/v1/consultarestudiantes" for 127.0.0.1 at 2018-11-10 19:57:22 -0500
Processing by Api::V1::ConsultarestudianteController#index as */*
Filter chain halted as :authenticate_request rendered or redirected
Completed 401 Unauthorized in 2ms (Views: 0.2ms | ActiveRecord: 0.0ms)


Started GET "/api/v1/consultarestudiantes" for 127.0.0.1 at 2018-11-10 19:58:58 -0500
Processing by Api::V1::ConsultarestudianteController#index as */*
  [1m[36mUser Load (0.3ms)[0m  [1m[34mSELECT  "users".* FROM "users" WHERE "users"."id" = ? LIMIT ?[0m  [["id", 1], ["LIMIT", 1]]
  ↳ app/commands/authorize_api_request.rb:17
  [1m[36mEstudiante Load (5.5ms)[0m  [1m[34mSELECT "estudiantes".* FROM "estudiantes"[0m
  ↳ app/controllers/api/v1/consultarestudiante_controller.rb:5
Completed 200 OK in 89ms (Views: 29.2ms | ActiveRecord: 7.3ms)


Started POST "/api/v1/crearestudiante" for 127.0.0.1 at 2018-11-10 20:03:04 -0500
Processing by Api::V1::CrearestudianteController#create as */*
  Parameters: {"tipoId"=>"TI", "numId"=>"1022346353", "nombre"=>"Camila", "apellido"=>"Melo", "edad"=>"16", "genero"=>"Femenino", "crearestudiante"=>{"tipoId"=>"TI", "numId"=>"1022346353", "nombre"=>"Camila", "apellido"=>"Melo", "edad"=>"16", "genero"=>"Femenino"}}
Can't verify CSRF token authenticity.
Filter chain halted as :authenticate_request rendered or redirected
Completed 401 Unauthorized in 2ms (Views: 0.2ms | ActiveRecord: 0.0ms)


Started POST "/api/v1/crearestudiante" for 127.0.0.1 at 2018-11-10 20:03:43 -0500
Processing by Api::V1::CrearestudianteController#create as */*
  Parameters: {"tipoId"=>"TI", "numId"=>"1022346353", "nombre"=>"Camila", "apellido"=>"Melo", "edad"=>"16", "genero"=>"Femenino", "crearestudiante"=>{"tipoId"=>"TI", "numId"=>"1022346353", "nombre"=>"Camila", "apellido"=>"Melo", "edad"=>"16", "genero"=>"Femenino"}}
Can't verify CSRF token authenticity.
  [1m[36mUser Load (0.3ms)[0m  [1m[34mSELECT  "users".* FROM "users" WHERE "users"."id" = ? LIMIT ?[0m  [["id", 1], ["LIMIT", 1]]
  ↳ app/commands/authorize_api_request.rb:17
Unpermitted parameter: :crearestudiante
  [1m[35m (0.1ms)[0m  [1m[36mbegin transaction[0m
  ↳ app/controllers/api/v1/crearestudiante_controller.rb:6
  [1m[36mEstudiante Create (5.3ms)[0m  [1m[32mINSERT INTO "estudiantes" ("tipoId", "numId", "nombre", "apellido", "edad", "genero", "created_at", "updated_at") VALUES (?, ?, ?, ?, ?, ?, ?, ?)[0m  [["tipoId", "TI"], ["numId", "1022346353"], ["nombre", "Camila"], ["apellido", "Melo"], ["edad", "16"], ["genero", "Femenino"], ["created_at", "2018-11-11 01:03:43.431316"], ["updated_at", "2018-11-11 01:03:43.431316"]]
  ↳ app/controllers/api/v1/crearestudiante_controller.rb:6
  [1m[35m (7.2ms)[0m  [1m[36mcommit transaction[0m
  ↳ app/controllers/api/v1/crearestudiante_controller.rb:6
Completed 200 OK in 30ms (Views: 0.7ms | ActiveRecord: 12.9ms)


Started GET "/api/v1/consultarestudiantes" for 127.0.0.1 at 2018-11-10 20:04:21 -0500
Processing by Api::V1::ConsultarestudianteController#index as */*
Filter chain halted as :authenticate_request rendered or redirected
Completed 401 Unauthorized in 3ms (Views: 0.2ms | ActiveRecord: 0.0ms)


Started GET "/api/v1/consultarestudiantes" for 127.0.0.1 at 2018-11-10 20:04:35 -0500
Processing by Api::V1::ConsultarestudianteController#index as */*
  [1m[36mUser Load (0.1ms)[0m  [1m[34mSELECT  "users".* FROM "users" WHERE "users"."id" = ? LIMIT ?[0m  [["id", 1], ["LIMIT", 1]]
  ↳ app/commands/authorize_api_request.rb:17
  [1m[36mEstudiante Load (0.3ms)[0m  [1m[34mSELECT "estudiantes".* FROM "estudiantes"[0m
  ↳ app/controllers/api/v1/consultarestudiante_controller.rb:5
Completed 200 OK in 15ms (Views: 11.3ms | ActiveRecord: 0.4ms)


Started PUT "/api/v1/registrarmotivo/estudiante" for 127.0.0.1 at 2018-11-10 20:09:25 -0500
Processing by Api::V1::RegistrarmotivoestudianteController#update as */*
  Parameters: {"motivo_id"=>2, "id"=>20, "registrarmotivoestudiante"=>{"motivo_id"=>2, "id"=>20}}
Can't verify CSRF token authenticity.
Filter chain halted as :authenticate_request rendered or redirected
Completed 401 Unauthorized in 2ms (Views: 0.2ms | ActiveRecord: 0.0ms)


Started PUT "/api/v1/registrarmotivo/estudiante" for 127.0.0.1 at 2018-11-10 20:09:38 -0500
Processing by Api::V1::RegistrarmotivoestudianteController#update as */*
  Parameters: {"motivo_id"=>2, "id"=>20, "registrarmotivoestudiante"=>{"motivo_id"=>2, "id"=>20}}
Can't verify CSRF token authenticity.
  [1m[36mUser Load (0.1ms)[0m  [1m[34mSELECT  "users".* FROM "users" WHERE "users"."id" = ? LIMIT ?[0m  [["id", 1], ["LIMIT", 1]]
  ↳ app/commands/authorize_api_request.rb:17
  [1m[36mEstudiante Load (0.3ms)[0m  [1m[34mSELECT  "estudiantes".* FROM "estudiantes" WHERE "estudiantes"."id" = ? LIMIT ?[0m  [["id", 20], ["LIMIT", 1]]
  ↳ app/controllers/api/v1/registrarmotivoestudiante_controller.rb:5
Unpermitted parameters: :id, :registrarmotivoestudiante
  [1m[35m (0.1ms)[0m  [1m[36mbegin transaction[0m
  ↳ app/controllers/api/v1/registrarmotivoestudiante_controller.rb:6
  [1m[36mEstudiante Update (6.4ms)[0m  [1m[33mUPDATE "estudiantes" SET "motivo_id" = ?, "updated_at" = ? WHERE "estudiantes"."id" = ?[0m  [["motivo_id", 2], ["updated_at", "2018-11-11 01:09:38.284750"], ["id", 20]]
  ↳ app/controllers/api/v1/registrarmotivoestudiante_controller.rb:6
  [1m[35m (6.6ms)[0m  [1m[36mcommit transaction[0m
  ↳ app/controllers/api/v1/registrarmotivoestudiante_controller.rb:6
Completed 200 OK in 30ms (Views: 0.5ms | ActiveRecord: 13.5ms)


Started GET "/api/v1/consultarestudiantes" for 127.0.0.1 at 2018-11-10 20:58:28 -0500
Processing by Api::V1::ConsultarestudianteController#index as */*
  [1m[36mUser Load (5.0ms)[0m  [1m[34mSELECT  "users".* FROM "users" WHERE "users"."id" = ? LIMIT ?[0m  [["id", 1], ["LIMIT", 1]]
  ↳ app/commands/authorize_api_request.rb:17
  [1m[36mEstudiante Load (1.2ms)[0m  [1m[34mSELECT "estudiantes".* FROM "estudiantes"[0m
  ↳ app/controllers/api/v1/consultarestudiante_controller.rb:5
Completed 200 OK in 156ms (Views: 88.2ms | ActiveRecord: 12.0ms)


Started POST "/createuser" for 127.0.0.1 at 2018-11-10 21:30:14 -0500
Processing by UsersController#create as */*
  Parameters: {"email"=>"example22@mail.com", "password"=>"[FILTERED]", "user"=>{"email"=>"example22@mail.com"}}
Can't verify CSRF token authenticity.
Completed 404 Not Found in 2ms (ActiveRecord: 1.1ms)


  
ActiveRecord::RecordNotFound (Couldn't find User without an ID):
  
app/controllers/users_controller.rb:57:in `set_user'
Started POST "/createuser" for 127.0.0.1 at 2018-11-10 21:30:57 -0500
Processing by UsersController#create as */*
  Parameters: {"email"=>"example22@mail.com", "password"=>"[FILTERED]", "user"=>{"email"=>"example22@mail.com"}}
Can't verify CSRF token authenticity.
  [1m[35m (0.1ms)[0m  [1m[36mbegin transaction[0m
  ↳ app/controllers/users_controller.rb:31
  [1m[35m (0.1ms)[0m  [1m[31mrollback transaction[0m
  ↳ app/controllers/users_controller.rb:31
Completed 422 Unprocessable Entity in 184ms (Views: 0.3ms | ActiveRecord: 1.4ms)


Started POST "/createuser" for 127.0.0.1 at 2018-11-10 21:32:32 -0500
Processing by UsersController#create as */*
  Parameters: {"email"=>"example22@mail.com", "password"=>"[FILTERED]", "user"=>{"email"=>"example22@mail.com"}}
Can't verify CSRF token authenticity.
  [1m[35m (0.1ms)[0m  [1m[36mbegin transaction[0m
  ↳ app/controllers/users_controller.rb:31
  [1m[35m (0.3ms)[0m  [1m[31mrollback transaction[0m
  ↳ app/controllers/users_controller.rb:31
Completed 422 Unprocessable Entity in 23ms (Views: 0.3ms | ActiveRecord: 1.4ms)


Started POST "/createuser" for 127.0.0.1 at 2018-11-10 21:32:45 -0500
Processing by UsersController#create as */*
  Parameters: {"email"=>"example22@mail.com", "password"=>"[FILTERED]", "user"=>{"email"=>"example22@mail.com"}}
Can't verify CSRF token authenticity.
  [1m[35m (0.1ms)[0m  [1m[36mbegin transaction[0m
  ↳ app/controllers/users_controller.rb:31
  [1m[35m (0.0ms)[0m  [1m[31mrollback transaction[0m
  ↳ app/controllers/users_controller.rb:31
Completed 422 Unprocessable Entity in 2ms (Views: 0.1ms | ActiveRecord: 0.1ms)


Started POST "/createuser" for 127.0.0.1 at 2018-11-10 21:33:11 -0500
Processing by UsersController#create as */*
  Parameters: {"email"=>"example22@mail.com", "password_digest"=>"[FILTERED]", "user"=>{"email"=>"example22@mail.com", "password_digest"=>"[FILTERED]"}}
Can't verify CSRF token authenticity.
Unpermitted parameter: :password_digest
  [1m[35m (0.1ms)[0m  [1m[36mbegin transaction[0m
  ↳ app/controllers/users_controller.rb:31
  [1m[35m (0.1ms)[0m  [1m[31mrollback transaction[0m
  ↳ app/controllers/users_controller.rb:31
Completed 422 Unprocessable Entity in 10ms (Views: 0.3ms | ActiveRecord: 0.2ms)


Started POST "/createuser" for 127.0.0.1 at 2018-11-10 21:35:58 -0500
Processing by UsersController#create as */*
  Parameters: {"email"=>"example22@mail.com", "password"=>"[FILTERED]", "password_confirmation"=>"[FILTERED]", "user"=>{"email"=>"example22@mail.com"}}
Can't verify CSRF token authenticity.
  [1m[35m (0.1ms)[0m  [1m[36mbegin transaction[0m
  ↳ app/controllers/users_controller.rb:31
  [1m[35m (0.1ms)[0m  [1m[31mrollback transaction[0m
  ↳ app/controllers/users_controller.rb:31
Completed 422 Unprocessable Entity in 22ms (Views: 0.3ms | ActiveRecord: 1.2ms)


Started POST "/createuser" for 127.0.0.1 at 2018-11-10 21:37:46 -0500
Processing by UsersController#create as */*
  Parameters: {"name"=>"example22", "email"=>"example22@mail.com", "password"=>"[FILTERED]", "password_confirmation"=>"[FILTERED]", "user"=>{"name"=>"example22", "email"=>"example22@mail.com"}}
Can't verify CSRF token authenticity.
  [1m[35m (0.1ms)[0m  [1m[36mbegin transaction[0m
  ↳ app/controllers/users_controller.rb:31
  [1m[35m (0.1ms)[0m  [1m[31mrollback transaction[0m
  ↳ app/controllers/users_controller.rb:31
Completed 422 Unprocessable Entity in 6ms (Views: 0.2ms | ActiveRecord: 0.2ms)


Started POST "/authenticate" for 127.0.0.1 at 2018-11-10 21:40:53 -0500
Processing by AuthenticationController#authenticate as */*
  Parameters: {"email"=>"example@mail.com", "password"=>"[FILTERED]", "authentication"=>{"email"=>"example@mail.com", "password"=>"[FILTERED]"}}
Can't verify CSRF token authenticity.
  [1m[36mUser Load (0.3ms)[0m  [1m[34mSELECT  "users".* FROM "users" WHERE "users"."email" = ? LIMIT ?[0m  [["email", "example@mail.com"], ["LIMIT", 1]]
  ↳ app/commands/authenticate_user.rb:20
  [1m[36mCACHE User Load (0.0ms)[0m  [1m[34mSELECT  "users".* FROM "users" WHERE "users"."email" = ? LIMIT ?[0m  [["email", "example@mail.com"], ["LIMIT", 1]]
  ↳ app/commands/authenticate_user.rb:20
Completed 200 OK in 402ms (Views: 0.3ms | ActiveRecord: 0.3ms)


Started POST "/createuser" for 127.0.0.1 at 2018-11-10 21:41:09 -0500
Processing by UsersController#create as */*
  Parameters: {"name"=>"example22", "email"=>"example22@mail.com", "password"=>"[FILTERED]", "password_confirmation"=>"[FILTERED]", "user"=>{"name"=>"example22", "email"=>"example22@mail.com"}}
Can't verify CSRF token authenticity.
  [1m[35m (0.1ms)[0m  [1m[36mbegin transaction[0m
  ↳ app/controllers/users_controller.rb:31
  [1m[35m (0.0ms)[0m  [1m[31mrollback transaction[0m
  ↳ app/controllers/users_controller.rb:31
Completed 422 Unprocessable Entity in 8ms (Views: 0.3ms | ActiveRecord: 0.2ms)


  [1m[36mUser Load (0.3ms)[0m  [1m[34mSELECT  "users".* FROM "users" LIMIT ?[0m  [["LIMIT", 11]]
  [1m[35m (0.1ms)[0m  [1m[36mbegin transaction[0m
  [1m[36mUser Create (2.7ms)[0m  [1m[32mINSERT INTO "users" ("email", "password_digest", "created_at", "updated_at") VALUES (?, ?, ?, ?)[0m  [["email", "example2@mail.com"], ["password_digest", "$2a$10$ml5THJqm7sbOlaIvkCyk3O8K.6fHwe599BuaXlbPsWNgHBJHScSHq"], ["created_at", "2018-11-11 02:42:27.237966"], ["updated_at", "2018-11-11 02:42:27.237966"]]
  [1m[35m (30.8ms)[0m  [1m[36mcommit transaction[0m
  [1m[36mUser Load (0.2ms)[0m  [1m[34mSELECT  "users".* FROM "users" LIMIT ?[0m  [["LIMIT", 11]]
Started POST "/createuser" for 127.0.0.1 at 2018-11-10 21:44:41 -0500
Processing by UsersController#create as */*
  Parameters: {"name"=>"example22", "email"=>"example22@mail.com", "password"=>"[FILTERED]", "password_confirmation"=>"[FILTERED]", "user"=>{"name"=>"example22", "email"=>"example22@mail.com"}}
Can't verify CSRF token authenticity.
Completed 500 Internal Server Error in 197ms (ActiveRecord: 0.6ms)


  
NoMethodError (undefined method `permit' for #<UsersController:0x00007f95c8a93ef8>
Did you mean?  print):
  
app/controllers/users_controller.rb:63:in `user_params'
app/controllers/users_controller.rb:29:in `create'
Started POST "/createuser" for 127.0.0.1 at 2018-11-10 21:47:13 -0500
Processing by UsersController#create as */*
  Parameters: {"name"=>"example22", "email"=>"example22@mail.com", "password"=>"[FILTERED]", "password_confirmation"=>"[FILTERED]", "user"=>{"name"=>"example22", "email"=>"example22@mail.com"}}
Can't verify CSRF token authenticity.
Unpermitted parameter: :name
  [1m[35m (0.1ms)[0m  [1m[36mbegin transaction[0m
  ↳ app/controllers/users_controller.rb:31
  [1m[35m (0.1ms)[0m  [1m[31mrollback transaction[0m
  ↳ app/controllers/users_controller.rb:31
Completed 422 Unprocessable Entity in 14ms (Views: 0.2ms | ActiveRecord: 1.0ms)


Started POST "/createuser" for 127.0.0.1 at 2018-11-10 22:09:04 -0500
Processing by UsersController#create as */*
  Parameters: {"name"=>"example22", "email"=>"example22@mail.com", "password"=>"[FILTERED]", "password_confirmation"=>"[FILTERED]", "user"=>{"name"=>"example22", "email"=>"example22@mail.com"}}
Can't verify CSRF token authenticity.
Unpermitted parameters: :name, :user
  [1m[35m (0.1ms)[0m  [1m[36mbegin transaction[0m
  ↳ app/controllers/users_controller.rb:31
  [1m[36mUser Create (6.0ms)[0m  [1m[32mINSERT INTO "users" ("email", "password_digest", "created_at", "updated_at") VALUES (?, ?, ?, ?)[0m  [["email", "example22@mail.com"], ["password_digest", "$2a$10$Wj/pvqvHVkulhwAQ3M2KW.leWOpLJphw8j720vgWZY6WTUdMAHULS"], ["created_at", "2018-11-11 03:09:04.589278"], ["updated_at", "2018-11-11 03:09:04.589278"]]
  ↳ app/controllers/users_controller.rb:31
  [1m[35m (7.3ms)[0m  [1m[36mcommit transaction[0m
  ↳ app/controllers/users_controller.rb:31
Completed 500 Internal Server Error in 440ms (ActiveRecord: 14.5ms)


  
NoMethodError (undefined method `user_url' for #<UsersController:0x00007f95c8c58a18>):
  
app/controllers/users_controller.rb:32:in `create'
  [1m[36mUser Load (0.2ms)[0m  [1m[34mSELECT  "users".* FROM "users" LIMIT ?[0m  [["LIMIT", 11]]
Started POST "/createuser" for 127.0.0.1 at 2018-11-10 22:11:43 -0500
Processing by UsersController#create as */*
  Parameters: {"name"=>"example33", "email"=>"example33@mail.com", "password"=>"[FILTERED]", "password_confirmation"=>"[FILTERED]", "user"=>{"name"=>"example33", "email"=>"example33@mail.com"}}
Can't verify CSRF token authenticity.
Unpermitted parameters: :name, :user
  [1m[35m (0.1ms)[0m  [1m[36mbegin transaction[0m
  ↳ app/controllers/users_controller.rb:31
  [1m[36mUser Create (2.4ms)[0m  [1m[32mINSERT INTO "users" ("email", "password_digest", "created_at", "updated_at") VALUES (?, ?, ?, ?)[0m  [["email", "example33@mail.com"], ["password_digest", "$2a$10$ey7WAhXEi/TMvzDzqJ0UBuImqIyobiK/vgSb3KYKfy0F5XIGb/sQm"], ["created_at", "2018-11-11 03:11:43.905701"], ["updated_at", "2018-11-11 03:11:43.905701"]]
  ↳ app/controllers/users_controller.rb:31
  [1m[35m (8.4ms)[0m  [1m[36mcommit transaction[0m
  ↳ app/controllers/users_controller.rb:31
No template found for UsersController#create, rendering head :no_content
Completed 204 No Content in 336ms (ActiveRecord: 11.8ms)


  [1m[36mUser Load (0.2ms)[0m  [1m[34mSELECT  "users".* FROM "users" LIMIT ?[0m  [["LIMIT", 11]]
Started POST "/createuser" for 127.0.0.1 at 2018-11-10 22:13:52 -0500
Processing by UsersController#create as */*
  Parameters: {"name"=>"example44", "email"=>"example44@mail.com", "password"=>"[FILTERED]", "password_confirmation"=>"[FILTERED]", "user"=>{"name"=>"example44", "email"=>"example44@mail.com"}}
Can't verify CSRF token authenticity.
Unpermitted parameters: :name, :user
No template found for UsersController#create, rendering head :no_content
Completed 204 No Content in 316ms (ActiveRecord: 0.9ms)


Started POST "/createuser" for 127.0.0.1 at 2018-11-10 22:15:36 -0500
  [1m[35m (0.2ms)[0m  [1m[34mSELECT "schema_migrations"."version" FROM "schema_migrations" ORDER BY "schema_migrations"."version" ASC[0m
  ↳ /home/jsaenzar/.rbenv/versions/2.5.0/lib/ruby/gems/2.5.0/gems/activerecord-5.2.1/lib/active_record/log_subscriber.rb:98
Processing by UsersController#create as */*
  Parameters: {"name"=>"example44", "email"=>"example44@mail.com", "password"=>"[FILTERED]", "password_confirmation"=>"[FILTERED]", "user"=>{"name"=>"example44", "email"=>"example44@mail.com"}}
Can't verify CSRF token authenticity.
Unpermitted parameters: :name, :user
No template found for UsersController#create, rendering head :no_content
Completed 204 No Content in 352ms (ActiveRecord: 1.0ms)


Started POST "/createuser" for 127.0.0.1 at 2018-11-10 22:21:14 -0500
Processing by UsersController#create as */*
  Parameters: {"name"=>"example55", "email"=>"example55@mail.com", "password"=>"[FILTERED]", "password_confirmation"=>"[FILTERED]", "user"=>{"name"=>"example55", "email"=>"example55@mail.com"}}
Can't verify CSRF token authenticity.
Unpermitted parameters: :name, :user
No template found for UsersController#create, rendering head :no_content
Completed 204 No Content in 298ms (ActiveRecord: 0.0ms)


Started POST "/createuser" for 127.0.0.1 at 2018-11-10 22:22:13 -0500
Processing by UsersController#create as */*
  Parameters: {"name"=>"example55", "email"=>"example55@mail.com", "password"=>"[FILTERED]", "password_confirmation"=>"[FILTERED]", "user"=>{"name"=>"example55", "email"=>"example55@mail.com"}}
Can't verify CSRF token authenticity.
Unpermitted parameters: :name, :user
No template found for UsersController#create, rendering head :no_content
Completed 204 No Content in 301ms (ActiveRecord: 0.0ms)


  [1m[36mUser Load (0.8ms)[0m  [1m[34mSELECT  "users".* FROM "users" LIMIT ?[0m  [["LIMIT", 11]]
Started POST "/createuser" for 127.0.0.1 at 2018-11-10 22:24:44 -0500
Processing by UsersController#create as */*
  Parameters: {"name"=>"example55", "email"=>"example55@mail.com", "password"=>"[FILTERED]", "password_confirmation"=>"[FILTERED]", "user"=>{"name"=>"example55", "email"=>"example55@mail.com"}}
Can't verify CSRF token authenticity.
Unpermitted parameters: :name, :user
No template found for UsersController#create, rendering head :no_content
Completed 204 No Content in 295ms (ActiveRecord: 0.0ms)


  [1m[36mUser Load (0.2ms)[0m  [1m[34mSELECT  "users".* FROM "users" LIMIT ?[0m  [["LIMIT", 11]]
Started POST "/createuser" for 127.0.0.1 at 2018-11-10 22:26:17 -0500
Processing by UsersController#create as */*
  Parameters: {"name"=>"example55", "email"=>"example55@mail.com", "password"=>"[FILTERED]", "password_confirmation"=>"[FILTERED]", "user"=>{"name"=>"example55", "email"=>"example55@mail.com"}}
Can't verify CSRF token authenticity.
Unpermitted parameters: :name, :user
  [1m[35m (0.1ms)[0m  [1m[36mbegin transaction[0m
  ↳ app/controllers/users_controller.rb:31
  [1m[36mUser Create (2.4ms)[0m  [1m[32mINSERT INTO "users" ("email", "password_digest", "created_at", "updated_at") VALUES (?, ?, ?, ?)[0m  [["email", "example55@mail.com"], ["password_digest", "$2a$10$0XA1PWmIciP0anLRtIRPIejIuOMhx.UK/WeDD3tEUeOLrrKt9/PuW"], ["created_at", "2018-11-11 03:26:27.991688"], ["updated_at", "2018-11-11 03:26:27.991688"]]
  ↳ app/controllers/users_controller.rb:31
  [1m[35m (10.6ms)[0m  [1m[36mcommit transaction[0m
  ↳ app/controllers/users_controller.rb:31
No template found for UsersController#create, rendering head :no_content
Completed 204 No Content in 226ms (ActiveRecord: 14.0ms)


  [1m[36mUser Load (0.2ms)[0m  [1m[34mSELECT  "users".* FROM "users" LIMIT ?[0m  [["LIMIT", 11]]
Started POST "/createuser" for 127.0.0.1 at 2018-11-10 22:28:57 -0500
Processing by UsersController#create as */*
  Parameters: {"name"=>"example66", "email"=>"example66@mail.com", "password"=>"[FILTERED]", "password_confirmation"=>"[FILTERED]", "user"=>{"name"=>"example66", "email"=>"example66@mail.com"}}
Can't verify CSRF token authenticity.
Unpermitted parameters: :name, :user
  [1m[35m (0.1ms)[0m  [1m[36mbegin transaction[0m
  ↳ app/controllers/users_controller.rb:31
  [1m[36mUser Create (2.0ms)[0m  [1m[32mINSERT INTO "users" ("email", "password_digest", "created_at", "updated_at") VALUES (?, ?, ?, ?)[0m  [["email", "example66@mail.com"], ["password_digest", "$2a$10$Z6xhEqrZozuHKvm.3uq/t.Mrs2/93fUA5R2XJkQeAKIBeer7wVzoG"], ["created_at", "2018-11-11 03:28:58.160541"], ["updated_at", "2018-11-11 03:28:58.160541"]]
  ↳ app/controllers/users_controller.rb:31
  [1m[35m (65.5ms)[0m  [1m[36mcommit transaction[0m
  ↳ app/controllers/users_controller.rb:31
Completed 500 Internal Server Error in 516ms (ActiveRecord: 68.6ms)


  
NoMethodError (undefined method `user_url' for #<UsersController:0x000055a3fc995548>):
  
app/controllers/users_controller.rb:32:in `create'
Started POST "/createuser" for 127.0.0.1 at 2018-11-10 22:29:24 -0500
Processing by UsersController#create as */*
  Parameters: {"name"=>"example66", "email"=>"example66@mail.com", "password"=>"[FILTERED]", "password_confirmation"=>"[FILTERED]", "user"=>{"name"=>"example66", "email"=>"example66@mail.com"}}
Can't verify CSRF token authenticity.
Unpermitted parameters: :name, :user
  [1m[35m (0.1ms)[0m  [1m[36mbegin transaction[0m
  ↳ app/controllers/users_controller.rb:31
  [1m[36mUser Create (3.0ms)[0m  [1m[32mINSERT INTO "users" ("email", "password_digest", "created_at", "updated_at") VALUES (?, ?, ?, ?)[0m  [["email", "example66@mail.com"], ["password_digest", "$2a$10$ICPfyqnzEmYkj6yjKD066ukc35SSeP2RBJTGhYe43duK9dVsaQZla"], ["created_at", "2018-11-11 03:29:24.553435"], ["updated_at", "2018-11-11 03:29:24.553435"]]
  ↳ app/controllers/users_controller.rb:31
  [1m[35m (13.6ms)[0m  [1m[36mcommit transaction[0m
  ↳ app/controllers/users_controller.rb:31
Completed 200 OK in 237ms (Views: 0.6ms | ActiveRecord: 17.7ms)


Started GET "/consultaruser" for 127.0.0.1 at 2018-11-10 22:37:00 -0500
  
ActionController::RoutingError (No route matches [GET] "/consultaruser"):
  
actionpack (5.2.1) lib/action_dispatch/middleware/debug_exceptions.rb:65:in `call'
web-console (3.7.0) lib/web_console/middleware.rb:135:in `call_app'
web-console (3.7.0) lib/web_console/middleware.rb:30:in `block in call'
web-console (3.7.0) lib/web_console/middleware.rb:20:in `catch'
web-console (3.7.0) lib/web_console/middleware.rb:20:in `call'
actionpack (5.2.1) lib/action_dispatch/middleware/show_exceptions.rb:33:in `call'
railties (5.2.1) lib/rails/rack/logger.rb:38:in `call_app'
railties (5.2.1) lib/rails/rack/logger.rb:26:in `block in call'
activesupport (5.2.1) lib/active_support/tagged_logging.rb:71:in `block in tagged'
activesupport (5.2.1) lib/active_support/tagged_logging.rb:28:in `tagged'
activesupport (5.2.1) lib/active_support/tagged_logging.rb:71:in `tagged'
railties (5.2.1) lib/rails/rack/logger.rb:26:in `call'
sprockets-rails (3.2.1) lib/sprockets/rails/quiet_assets.rb:13:in `call'
actionpack (5.2.1) lib/action_dispatch/middleware/remote_ip.rb:81:in `call'
actionpack (5.2.1) lib/action_dispatch/middleware/request_id.rb:27:in `call'
rack (2.0.5) lib/rack/method_override.rb:22:in `call'
rack (2.0.5) lib/rack/runtime.rb:22:in `call'
activesupport (5.2.1) lib/active_support/cache/strategy/local_cache_middleware.rb:29:in `call'
actionpack (5.2.1) lib/action_dispatch/middleware/executor.rb:14:in `call'
actionpack (5.2.1) lib/action_dispatch/middleware/static.rb:127:in `call'
rack (2.0.5) lib/rack/sendfile.rb:111:in `call'
rack-cors (1.0.2) lib/rack/cors.rb:97:in `call'
railties (5.2.1) lib/rails/engine.rb:524:in `call'
puma (3.12.0) lib/puma/configuration.rb:225:in `call'
puma (3.12.0) lib/puma/server.rb:658:in `handle_request'
puma (3.12.0) lib/puma/server.rb:472:in `process_client'
puma (3.12.0) lib/puma/server.rb:332:in `block in run'
puma (3.12.0) lib/puma/thread_pool.rb:133:in `block in spawn_thread'
Started GET "/consultaruser" for 127.0.0.1 at 2018-11-10 22:38:10 -0500
Processing by UsersController#index as */*
  [1m[36mUser Load (0.2ms)[0m  [1m[34mSELECT "users".* FROM "users"[0m
  ↳ app/controllers/users_controller.rb:19
Completed 200 OK in 31ms (Views: 25.9ms | ActiveRecord: 1.2ms)


Started GET "/consultaruser" for 127.0.0.1 at 2018-11-10 22:55:10 -0500
  [1m[35m (0.3ms)[0m  [1m[34mSELECT "schema_migrations"."version" FROM "schema_migrations" ORDER BY "schema_migrations"."version" ASC[0m
  ↳ /home/jsaenzar/.rbenv/versions/2.5.0/lib/ruby/gems/2.5.0/gems/activerecord-5.2.1/lib/active_record/log_subscriber.rb:98
Processing by UsersController#index as */*
  [1m[36mUser Load (0.3ms)[0m  [1m[34mSELECT "users".* FROM "users"[0m
  ↳ app/controllers/users_controller.rb:19
[active_model_serializers] Rendered ActiveModel::Serializer::CollectionSerializer with ActiveModelSerializers::Adapter::Attributes (0.91ms)
Completed 200 OK in 183ms (Views: 157.7ms | ActiveRecord: 3.5ms)


